checking for Ruby version >= 1.8.2... -------------------- yes

--------------------

find_executable: checking for gcc... -------------------- yes

--------------------

find_executable: checking for Magick-config... -------------------- yes

--------------------

checking for ImageMagick version >= 6.3.0... -------------------- yes

--------------------

checking for HDRI disabled version of ImageMagick... -------------------- yes

--------------------

have_header: checking for stdint.h... -------------------- yes

"gcc -E -I. -I/System/Library/Frameworks/Ruby.framework/Versions/1.8/usr/lib/ruby/1.8/universal-darwin9.0 -I.  -I/usr/local/include  -I/usr/local/include   conftest.c -o conftest.i"
checked program was:
/* begin */
1: #include <stdint.h>
/* end */

--------------------

have_header: checking for sys/types.h... -------------------- yes

"gcc -E -I. -I/System/Library/Frameworks/Ruby.framework/Versions/1.8/usr/lib/ruby/1.8/universal-darwin9.0 -I.  -I/usr/local/include  -I/usr/local/include   conftest.c -o conftest.i"
checked program was:
/* begin */
1: #include <sys/types.h>
/* end */

--------------------

have_header: checking for magick/MagickCore.h... -------------------- yes

"gcc -E -I. -I/System/Library/Frameworks/Ruby.framework/Versions/1.8/usr/lib/ruby/1.8/universal-darwin9.0 -I.  -I/usr/local/include  -I/usr/local/include   conftest.c -o conftest.i"
checked program was:
/* begin */
1: #include <magick/MagickCore.h>
/* end */

--------------------

have_library: checking for InitializeMagick() in -lMagick... -------------------- yes

"gcc -o conftest -I. -I/System/Library/Frameworks/Ruby.framework/Versions/1.8/usr/lib/ruby/1.8/universal-darwin9.0 -I.  -I/usr/local/include  -I/usr/local/include  conftest.c  -L"." -L"/System/Library/Frameworks/Ruby.framework/Versions/1.8/usr/lib"  -L/usr/local/lib -L/usr/local/lib -L/usr/X11/lib -R/usr/X11/lib -L/usr/local/lib -lfreetype -lz    -L/usr/local/lib -lWand -lMagick  -lruby -lMagick  -lpthread -ldl -lm  "
checked program was:
/* begin */
 1: #include <assert.h>
 2: #include <ctype.h>
 3: #include <stdio.h>
 4: #include <stdlib.h>
 5: #include <math.h>
 6: #include <time.h>
 7: #include <stdint.h>
 8: #include <sys/types.h>
 9: #include <magick/MagickCore.h>
10: 
11: /*top*/
12: int main() { return 0; }
13: int t() { void ((*volatile p)()); p = (void ((*)()))InitializeMagick; return 0; }
/* end */

--------------------

have_func: checking for snprintf() in assert.h,ctype.h,stdio.h,stdlib.h,math.h,time.h,stdint.h,sys/types.h,magick/MagickCore.h... -------------------- yes

"gcc -o conftest -I. -I/System/Library/Frameworks/Ruby.framework/Versions/1.8/usr/lib/ruby/1.8/universal-darwin9.0 -I.  -I/usr/local/include  -I/usr/local/include  conftest.c  -L"." -L"/System/Library/Frameworks/Ruby.framework/Versions/1.8/usr/lib"  -L/usr/local/lib -L/usr/local/lib -L/usr/X11/lib -R/usr/X11/lib -L/usr/local/lib -lfreetype -lz    -L/usr/local/lib -lWand -lMagick -lMagick  -lruby -lMagick  -lpthread -ldl -lm  "
checked program was:
/* begin */
 1: #include <assert.h>
 2: #include <ctype.h>
 3: #include <stdio.h>
 4: #include <stdlib.h>
 5: #include <math.h>
 6: #include <time.h>
 7: #include <stdint.h>
 8: #include <sys/types.h>
 9: #include <magick/MagickCore.h>
10: 
11: /*top*/
12: int main() { return 0; }
13: int t() { void ((*volatile p)()); p = (void ((*)()))snprintf; return 0; }
/* end */

--------------------

have_func: checking for AcquireQuantumMemory() in assert.h,ctype.h,stdio.h,stdlib.h,math.h,time.h,stdint.h,sys/types.h,magick/MagickCore.h... -------------------- yes

"gcc -o conftest -I. -I/System/Library/Frameworks/Ruby.framework/Versions/1.8/usr/lib/ruby/1.8/universal-darwin9.0 -I.  -I/usr/local/include  -I/usr/local/include  conftest.c  -L"." -L"/System/Library/Frameworks/Ruby.framework/Versions/1.8/usr/lib"  -L/usr/local/lib -L/usr/local/lib -L/usr/X11/lib -R/usr/X11/lib -L/usr/local/lib -lfreetype -lz    -L/usr/local/lib -lWand -lMagick -lMagick  -lruby -lMagick  -lpthread -ldl -lm  "
checked program was:
/* begin */
 1: #include <assert.h>
 2: #include <ctype.h>
 3: #include <stdio.h>
 4: #include <stdlib.h>
 5: #include <math.h>
 6: #include <time.h>
 7: #include <stdint.h>
 8: #include <sys/types.h>
 9: #include <magick/MagickCore.h>
10: 
11: /*top*/
12: int main() { return 0; }
13: int t() { void ((*volatile p)()); p = (void ((*)()))AcquireQuantumMemory; return 0; }
/* end */

--------------------

have_func: checking for AcquireImage() in assert.h,ctype.h,stdio.h,stdlib.h,math.h,time.h,stdint.h,sys/types.h,magick/MagickCore.h... -------------------- no

"gcc -o conftest -I. -I/System/Library/Frameworks/Ruby.framework/Versions/1.8/usr/lib/ruby/1.8/universal-darwin9.0 -I.  -I/usr/local/include  -I/usr/local/include  conftest.c  -L"." -L"/System/Library/Frameworks/Ruby.framework/Versions/1.8/usr/lib"  -L/usr/local/lib -L/usr/local/lib -L/usr/X11/lib -R/usr/X11/lib -L/usr/local/lib -lfreetype -lz    -L/usr/local/lib -lWand -lMagick -lMagick  -lruby -lMagick  -lpthread -ldl -lm  "
conftest.c: In function ‘t’:
conftest.c:13: error: ‘AcquireImage’ undeclared (first use in this function)
conftest.c:13: error: (Each undeclared identifier is reported only once
conftest.c:13: error: for each function it appears in.)
checked program was:
/* begin */
 1: #include <assert.h>
 2: #include <ctype.h>
 3: #include <stdio.h>
 4: #include <stdlib.h>
 5: #include <math.h>
 6: #include <time.h>
 7: #include <stdint.h>
 8: #include <sys/types.h>
 9: #include <magick/MagickCore.h>
10: 
11: /*top*/
12: int main() { return 0; }
13: int t() { void ((*volatile p)()); p = (void ((*)()))AcquireImage; return 0; }
/* end */

"gcc -o conftest -I. -I/System/Library/Frameworks/Ruby.framework/Versions/1.8/usr/lib/ruby/1.8/universal-darwin9.0 -I.  -I/usr/local/include  -I/usr/local/include  conftest.c  -L"." -L"/System/Library/Frameworks/Ruby.framework/Versions/1.8/usr/lib"  -L/usr/local/lib -L/usr/local/lib -L/usr/X11/lib -R/usr/X11/lib -L/usr/local/lib -lfreetype -lz    -L/usr/local/lib -lWand -lMagick -lMagick  -lruby -lMagick  -lpthread -ldl -lm  "
Undefined symbols:
  "_AcquireImage", referenced from:
      _t in cc85uDoS.o
ld: symbol(s) not found
collect2: ld returned 1 exit status
checked program was:
/* begin */
 1: #include <assert.h>
 2: #include <ctype.h>
 3: #include <stdio.h>
 4: #include <stdlib.h>
 5: #include <math.h>
 6: #include <time.h>
 7: #include <stdint.h>
 8: #include <sys/types.h>
 9: #include <magick/MagickCore.h>
10: 
11: /*top*/
12: int main() { return 0; }
13: int t() { AcquireImage(); return 0; }
/* end */

--------------------

have_func: checking for AffinityImage() in assert.h,ctype.h,stdio.h,stdlib.h,math.h,time.h,stdint.h,sys/types.h,magick/MagickCore.h... -------------------- no

"gcc -o conftest -I. -I/System/Library/Frameworks/Ruby.framework/Versions/1.8/usr/lib/ruby/1.8/universal-darwin9.0 -I.  -I/usr/local/include  -I/usr/local/include  conftest.c  -L"." -L"/System/Library/Frameworks/Ruby.framework/Versions/1.8/usr/lib"  -L/usr/local/lib -L/usr/local/lib -L/usr/X11/lib -R/usr/X11/lib -L/usr/local/lib -lfreetype -lz    -L/usr/local/lib -lWand -lMagick -lMagick  -lruby -lMagick  -lpthread -ldl -lm  "
conftest.c: In function ‘t’:
conftest.c:13: error: ‘AffinityImage’ undeclared (first use in this function)
conftest.c:13: error: (Each undeclared identifier is reported only once
conftest.c:13: error: for each function it appears in.)
checked program was:
/* begin */
 1: #include <assert.h>
 2: #include <ctype.h>
 3: #include <stdio.h>
 4: #include <stdlib.h>
 5: #include <math.h>
 6: #include <time.h>
 7: #include <stdint.h>
 8: #include <sys/types.h>
 9: #include <magick/MagickCore.h>
10: 
11: /*top*/
12: int main() { return 0; }
13: int t() { void ((*volatile p)()); p = (void ((*)()))AffinityImage; return 0; }
/* end */

"gcc -o conftest -I. -I/System/Library/Frameworks/Ruby.framework/Versions/1.8/usr/lib/ruby/1.8/universal-darwin9.0 -I.  -I/usr/local/include  -I/usr/local/include  conftest.c  -L"." -L"/System/Library/Frameworks/Ruby.framework/Versions/1.8/usr/lib"  -L/usr/local/lib -L/usr/local/lib -L/usr/X11/lib -R/usr/X11/lib -L/usr/local/lib -lfreetype -lz    -L/usr/local/lib -lWand -lMagick -lMagick  -lruby -lMagick  -lpthread -ldl -lm  "
Undefined symbols:
  "_AffinityImage", referenced from:
      _t in cceRdJlP.o
ld: symbol(s) not found
collect2: ld returned 1 exit status
checked program was:
/* begin */
 1: #include <assert.h>
 2: #include <ctype.h>
 3: #include <stdio.h>
 4: #include <stdlib.h>
 5: #include <math.h>
 6: #include <time.h>
 7: #include <stdint.h>
 8: #include <sys/types.h>
 9: #include <magick/MagickCore.h>
10: 
11: /*top*/
12: int main() { return 0; }
13: int t() { AffinityImage(); return 0; }
/* end */

--------------------

have_func: checking for AffinityImages() in assert.h,ctype.h,stdio.h,stdlib.h,math.h,time.h,stdint.h,sys/types.h,magick/MagickCore.h... -------------------- no

"gcc -o conftest -I. -I/System/Library/Frameworks/Ruby.framework/Versions/1.8/usr/lib/ruby/1.8/universal-darwin9.0 -I.  -I/usr/local/include  -I/usr/local/include  conftest.c  -L"." -L"/System/Library/Frameworks/Ruby.framework/Versions/1.8/usr/lib"  -L/usr/local/lib -L/usr/local/lib -L/usr/X11/lib -R/usr/X11/lib -L/usr/local/lib -lfreetype -lz    -L/usr/local/lib -lWand -lMagick -lMagick  -lruby -lMagick  -lpthread -ldl -lm  "
conftest.c: In function ‘t’:
conftest.c:13: error: ‘AffinityImages’ undeclared (first use in this function)
conftest.c:13: error: (Each undeclared identifier is reported only once
conftest.c:13: error: for each function it appears in.)
checked program was:
/* begin */
 1: #include <assert.h>
 2: #include <ctype.h>
 3: #include <stdio.h>
 4: #include <stdlib.h>
 5: #include <math.h>
 6: #include <time.h>
 7: #include <stdint.h>
 8: #include <sys/types.h>
 9: #include <magick/MagickCore.h>
10: 
11: /*top*/
12: int main() { return 0; }
13: int t() { void ((*volatile p)()); p = (void ((*)()))AffinityImages; return 0; }
/* end */

"gcc -o conftest -I. -I/System/Library/Frameworks/Ruby.framework/Versions/1.8/usr/lib/ruby/1.8/universal-darwin9.0 -I.  -I/usr/local/include  -I/usr/local/include  conftest.c  -L"." -L"/System/Library/Frameworks/Ruby.framework/Versions/1.8/usr/lib"  -L/usr/local/lib -L/usr/local/lib -L/usr/X11/lib -R/usr/X11/lib -L/usr/local/lib -lfreetype -lz    -L/usr/local/lib -lWand -lMagick -lMagick  -lruby -lMagick  -lpthread -ldl -lm  "
Undefined symbols:
  "_AffinityImages", referenced from:
      _t in ccrV8m2x.o
ld: symbol(s) not found
collect2: ld returned 1 exit status
checked program was:
/* begin */
 1: #include <assert.h>
 2: #include <ctype.h>
 3: #include <stdio.h>
 4: #include <stdlib.h>
 5: #include <math.h>
 6: #include <time.h>
 7: #include <stdint.h>
 8: #include <sys/types.h>
 9: #include <magick/MagickCore.h>
10: 
11: /*top*/
12: int main() { return 0; }
13: int t() { AffinityImages(); return 0; }
/* end */

--------------------

have_func: checking for ClutImageChannel() in assert.h,ctype.h,stdio.h,stdlib.h,math.h,time.h,stdint.h,sys/types.h,magick/MagickCore.h... -------------------- yes

"gcc -o conftest -I. -I/System/Library/Frameworks/Ruby.framework/Versions/1.8/usr/lib/ruby/1.8/universal-darwin9.0 -I.  -I/usr/local/include  -I/usr/local/include  conftest.c  -L"." -L"/System/Library/Frameworks/Ruby.framework/Versions/1.8/usr/lib"  -L/usr/local/lib -L/usr/local/lib -L/usr/X11/lib -R/usr/X11/lib -L/usr/local/lib -lfreetype -lz    -L/usr/local/lib -lWand -lMagick -lMagick  -lruby -lMagick  -lpthread -ldl -lm  "
checked program was:
/* begin */
 1: #include <assert.h>
 2: #include <ctype.h>
 3: #include <stdio.h>
 4: #include <stdlib.h>
 5: #include <math.h>
 6: #include <time.h>
 7: #include <stdint.h>
 8: #include <sys/types.h>
 9: #include <magick/MagickCore.h>
10: 
11: /*top*/
12: int main() { return 0; }
13: int t() { void ((*volatile p)()); p = (void ((*)()))ClutImageChannel; return 0; }
/* end */

--------------------

have_func: checking for CompositeLayers() in assert.h,ctype.h,stdio.h,stdlib.h,math.h,time.h,stdint.h,sys/types.h,magick/MagickCore.h... -------------------- yes

"gcc -o conftest -I. -I/System/Library/Frameworks/Ruby.framework/Versions/1.8/usr/lib/ruby/1.8/universal-darwin9.0 -I.  -I/usr/local/include  -I/usr/local/include  conftest.c  -L"." -L"/System/Library/Frameworks/Ruby.framework/Versions/1.8/usr/lib"  -L/usr/local/lib -L/usr/local/lib -L/usr/X11/lib -R/usr/X11/lib -L/usr/local/lib -lfreetype -lz    -L/usr/local/lib -lWand -lMagick -lMagick  -lruby -lMagick  -lpthread -ldl -lm  "
checked program was:
/* begin */
 1: #include <assert.h>
 2: #include <ctype.h>
 3: #include <stdio.h>
 4: #include <stdlib.h>
 5: #include <math.h>
 6: #include <time.h>
 7: #include <stdint.h>
 8: #include <sys/types.h>
 9: #include <magick/MagickCore.h>
10: 
11: /*top*/
12: int main() { return 0; }
13: int t() { void ((*volatile p)()); p = (void ((*)()))CompositeLayers; return 0; }
/* end */

--------------------

have_func: checking for ConvertHSLToRGB() in assert.h,ctype.h,stdio.h,stdlib.h,math.h,time.h,stdint.h,sys/types.h,magick/MagickCore.h... -------------------- yes

"gcc -o conftest -I. -I/System/Library/Frameworks/Ruby.framework/Versions/1.8/usr/lib/ruby/1.8/universal-darwin9.0 -I.  -I/usr/local/include  -I/usr/local/include  conftest.c  -L"." -L"/System/Library/Frameworks/Ruby.framework/Versions/1.8/usr/lib"  -L/usr/local/lib -L/usr/local/lib -L/usr/X11/lib -R/usr/X11/lib -L/usr/local/lib -lfreetype -lz    -L/usr/local/lib -lWand -lMagick -lMagick  -lruby -lMagick  -lpthread -ldl -lm  "
checked program was:
/* begin */
 1: #include <assert.h>
 2: #include <ctype.h>
 3: #include <stdio.h>
 4: #include <stdlib.h>
 5: #include <math.h>
 6: #include <time.h>
 7: #include <stdint.h>
 8: #include <sys/types.h>
 9: #include <magick/MagickCore.h>
10: 
11: /*top*/
12: int main() { return 0; }
13: int t() { void ((*volatile p)()); p = (void ((*)()))ConvertHSLToRGB; return 0; }
/* end */

--------------------

have_func: checking for ConvertRGBToHSL() in assert.h,ctype.h,stdio.h,stdlib.h,math.h,time.h,stdint.h,sys/types.h,magick/MagickCore.h... -------------------- yes

"gcc -o conftest -I. -I/System/Library/Frameworks/Ruby.framework/Versions/1.8/usr/lib/ruby/1.8/universal-darwin9.0 -I.  -I/usr/local/include  -I/usr/local/include  conftest.c  -L"." -L"/System/Library/Frameworks/Ruby.framework/Versions/1.8/usr/lib"  -L/usr/local/lib -L/usr/local/lib -L/usr/X11/lib -R/usr/X11/lib -L/usr/local/lib -lfreetype -lz    -L/usr/local/lib -lWand -lMagick -lMagick  -lruby -lMagick  -lpthread -ldl -lm  "
checked program was:
/* begin */
 1: #include <assert.h>
 2: #include <ctype.h>
 3: #include <stdio.h>
 4: #include <stdlib.h>
 5: #include <math.h>
 6: #include <time.h>
 7: #include <stdint.h>
 8: #include <sys/types.h>
 9: #include <magick/MagickCore.h>
10: 
11: /*top*/
12: int main() { return 0; }
13: int t() { void ((*volatile p)()); p = (void ((*)()))ConvertRGBToHSL; return 0; }
/* end */

--------------------

have_func: checking for DeskewImage() in assert.h,ctype.h,stdio.h,stdlib.h,math.h,time.h,stdint.h,sys/types.h,magick/MagickCore.h... -------------------- no

"gcc -o conftest -I. -I/System/Library/Frameworks/Ruby.framework/Versions/1.8/usr/lib/ruby/1.8/universal-darwin9.0 -I.  -I/usr/local/include  -I/usr/local/include  conftest.c  -L"." -L"/System/Library/Frameworks/Ruby.framework/Versions/1.8/usr/lib"  -L/usr/local/lib -L/usr/local/lib -L/usr/X11/lib -R/usr/X11/lib -L/usr/local/lib -lfreetype -lz    -L/usr/local/lib -lWand -lMagick -lMagick  -lruby -lMagick  -lpthread -ldl -lm  "
conftest.c: In function ‘t’:
conftest.c:13: error: ‘DeskewImage’ undeclared (first use in this function)
conftest.c:13: error: (Each undeclared identifier is reported only once
conftest.c:13: error: for each function it appears in.)
checked program was:
/* begin */
 1: #include <assert.h>
 2: #include <ctype.h>
 3: #include <stdio.h>
 4: #include <stdlib.h>
 5: #include <math.h>
 6: #include <time.h>
 7: #include <stdint.h>
 8: #include <sys/types.h>
 9: #include <magick/MagickCore.h>
10: 
11: /*top*/
12: int main() { return 0; }
13: int t() { void ((*volatile p)()); p = (void ((*)()))DeskewImage; return 0; }
/* end */

"gcc -o conftest -I. -I/System/Library/Frameworks/Ruby.framework/Versions/1.8/usr/lib/ruby/1.8/universal-darwin9.0 -I.  -I/usr/local/include  -I/usr/local/include  conftest.c  -L"." -L"/System/Library/Frameworks/Ruby.framework/Versions/1.8/usr/lib"  -L/usr/local/lib -L/usr/local/lib -L/usr/X11/lib -R/usr/X11/lib -L/usr/local/lib -lfreetype -lz    -L/usr/local/lib -lWand -lMagick -lMagick  -lruby -lMagick  -lpthread -ldl -lm  "
Undefined symbols:
  "_DeskewImage", referenced from:
      _t in cciBEsWa.o
ld: symbol(s) not found
collect2: ld returned 1 exit status
checked program was:
/* begin */
 1: #include <assert.h>
 2: #include <ctype.h>
 3: #include <stdio.h>
 4: #include <stdlib.h>
 5: #include <math.h>
 6: #include <time.h>
 7: #include <stdint.h>
 8: #include <sys/types.h>
 9: #include <magick/MagickCore.h>
10: 
11: /*top*/
12: int main() { return 0; }
13: int t() { DeskewImage(); return 0; }
/* end */

--------------------

have_func: checking for DistortImage() in assert.h,ctype.h,stdio.h,stdlib.h,math.h,time.h,stdint.h,sys/types.h,magick/MagickCore.h... -------------------- yes

"gcc -o conftest -I. -I/System/Library/Frameworks/Ruby.framework/Versions/1.8/usr/lib/ruby/1.8/universal-darwin9.0 -I.  -I/usr/local/include  -I/usr/local/include  conftest.c  -L"." -L"/System/Library/Frameworks/Ruby.framework/Versions/1.8/usr/lib"  -L/usr/local/lib -L/usr/local/lib -L/usr/X11/lib -R/usr/X11/lib -L/usr/local/lib -lfreetype -lz    -L/usr/local/lib -lWand -lMagick -lMagick  -lruby -lMagick  -lpthread -ldl -lm  "
checked program was:
/* begin */
 1: #include <assert.h>
 2: #include <ctype.h>
 3: #include <stdio.h>
 4: #include <stdlib.h>
 5: #include <math.h>
 6: #include <time.h>
 7: #include <stdint.h>
 8: #include <sys/types.h>
 9: #include <magick/MagickCore.h>
10: 
11: /*top*/
12: int main() { return 0; }
13: int t() { void ((*volatile p)()); p = (void ((*)()))DistortImage; return 0; }
/* end */

--------------------

have_func: checking for EncipherImage() in assert.h,ctype.h,stdio.h,stdlib.h,math.h,time.h,stdint.h,sys/types.h,magick/MagickCore.h... -------------------- no

"gcc -o conftest -I. -I/System/Library/Frameworks/Ruby.framework/Versions/1.8/usr/lib/ruby/1.8/universal-darwin9.0 -I.  -I/usr/local/include  -I/usr/local/include  conftest.c  -L"." -L"/System/Library/Frameworks/Ruby.framework/Versions/1.8/usr/lib"  -L/usr/local/lib -L/usr/local/lib -L/usr/X11/lib -R/usr/X11/lib -L/usr/local/lib -lfreetype -lz    -L/usr/local/lib -lWand -lMagick -lMagick  -lruby -lMagick  -lpthread -ldl -lm  "
conftest.c: In function ‘t’:
conftest.c:13: error: ‘EncipherImage’ undeclared (first use in this function)
conftest.c:13: error: (Each undeclared identifier is reported only once
conftest.c:13: error: for each function it appears in.)
checked program was:
/* begin */
 1: #include <assert.h>
 2: #include <ctype.h>
 3: #include <stdio.h>
 4: #include <stdlib.h>
 5: #include <math.h>
 6: #include <time.h>
 7: #include <stdint.h>
 8: #include <sys/types.h>
 9: #include <magick/MagickCore.h>
10: 
11: /*top*/
12: int main() { return 0; }
13: int t() { void ((*volatile p)()); p = (void ((*)()))EncipherImage; return 0; }
/* end */

"gcc -o conftest -I. -I/System/Library/Frameworks/Ruby.framework/Versions/1.8/usr/lib/ruby/1.8/universal-darwin9.0 -I.  -I/usr/local/include  -I/usr/local/include  conftest.c  -L"." -L"/System/Library/Frameworks/Ruby.framework/Versions/1.8/usr/lib"  -L/usr/local/lib -L/usr/local/lib -L/usr/X11/lib -R/usr/X11/lib -L/usr/local/lib -lfreetype -lz    -L/usr/local/lib -lWand -lMagick -lMagick  -lruby -lMagick  -lpthread -ldl -lm  "
Undefined symbols:
  "_EncipherImage", referenced from:
      _t in ccrtdAPD.o
ld: symbol(s) not found
collect2: ld returned 1 exit status
checked program was:
/* begin */
 1: #include <assert.h>
 2: #include <ctype.h>
 3: #include <stdio.h>
 4: #include <stdlib.h>
 5: #include <math.h>
 6: #include <time.h>
 7: #include <stdint.h>
 8: #include <sys/types.h>
 9: #include <magick/MagickCore.h>
10: 
11: /*top*/
12: int main() { return 0; }
13: int t() { EncipherImage(); return 0; }
/* end */

--------------------

have_func: checking for EqualizeImageChannel() in assert.h,ctype.h,stdio.h,stdlib.h,math.h,time.h,stdint.h,sys/types.h,magick/MagickCore.h... -------------------- yes

"gcc -o conftest -I. -I/System/Library/Frameworks/Ruby.framework/Versions/1.8/usr/lib/ruby/1.8/universal-darwin9.0 -I.  -I/usr/local/include  -I/usr/local/include  conftest.c  -L"." -L"/System/Library/Frameworks/Ruby.framework/Versions/1.8/usr/lib"  -L/usr/local/lib -L/usr/local/lib -L/usr/X11/lib -R/usr/X11/lib -L/usr/local/lib -lfreetype -lz    -L/usr/local/lib -lWand -lMagick -lMagick  -lruby -lMagick  -lpthread -ldl -lm  "
checked program was:
/* begin */
 1: #include <assert.h>
 2: #include <ctype.h>
 3: #include <stdio.h>
 4: #include <stdlib.h>
 5: #include <math.h>
 6: #include <time.h>
 7: #include <stdint.h>
 8: #include <sys/types.h>
 9: #include <magick/MagickCore.h>
10: 
11: /*top*/
12: int main() { return 0; }
13: int t() { void ((*volatile p)()); p = (void ((*)()))EqualizeImageChannel; return 0; }
/* end */

--------------------

have_func: checking for ExcerptImage() in assert.h,ctype.h,stdio.h,stdlib.h,math.h,time.h,stdint.h,sys/types.h,magick/MagickCore.h... -------------------- yes

"gcc -o conftest -I. -I/System/Library/Frameworks/Ruby.framework/Versions/1.8/usr/lib/ruby/1.8/universal-darwin9.0 -I.  -I/usr/local/include  -I/usr/local/include  conftest.c  -L"." -L"/System/Library/Frameworks/Ruby.framework/Versions/1.8/usr/lib"  -L/usr/local/lib -L/usr/local/lib -L/usr/X11/lib -R/usr/X11/lib -L/usr/local/lib -lfreetype -lz    -L/usr/local/lib -lWand -lMagick -lMagick  -lruby -lMagick  -lpthread -ldl -lm  "
checked program was:
/* begin */
 1: #include <assert.h>
 2: #include <ctype.h>
 3: #include <stdio.h>
 4: #include <stdlib.h>
 5: #include <math.h>
 6: #include <time.h>
 7: #include <stdint.h>
 8: #include <sys/types.h>
 9: #include <magick/MagickCore.h>
10: 
11: /*top*/
12: int main() { return 0; }
13: int t() { void ((*volatile p)()); p = (void ((*)()))ExcerptImage; return 0; }
/* end */

--------------------

have_func: checking for ExtentImage() in assert.h,ctype.h,stdio.h,stdlib.h,math.h,time.h,stdint.h,sys/types.h,magick/MagickCore.h... -------------------- yes

"gcc -o conftest -I. -I/System/Library/Frameworks/Ruby.framework/Versions/1.8/usr/lib/ruby/1.8/universal-darwin9.0 -I.  -I/usr/local/include  -I/usr/local/include  conftest.c  -L"." -L"/System/Library/Frameworks/Ruby.framework/Versions/1.8/usr/lib"  -L/usr/local/lib -L/usr/local/lib -L/usr/X11/lib -R/usr/X11/lib -L/usr/local/lib -lfreetype -lz    -L/usr/local/lib -lWand -lMagick -lMagick  -lruby -lMagick  -lpthread -ldl -lm  "
checked program was:
/* begin */
 1: #include <assert.h>
 2: #include <ctype.h>
 3: #include <stdio.h>
 4: #include <stdlib.h>
 5: #include <math.h>
 6: #include <time.h>
 7: #include <stdint.h>
 8: #include <sys/types.h>
 9: #include <magick/MagickCore.h>
10: 
11: /*top*/
12: int main() { return 0; }
13: int t() { void ((*volatile p)()); p = (void ((*)()))ExtentImage; return 0; }
/* end */

--------------------

have_func: checking for FloodfillPaintImage() in assert.h,ctype.h,stdio.h,stdlib.h,math.h,time.h,stdint.h,sys/types.h,magick/MagickCore.h... -------------------- yes

"gcc -o conftest -I. -I/System/Library/Frameworks/Ruby.framework/Versions/1.8/usr/lib/ruby/1.8/universal-darwin9.0 -I.  -I/usr/local/include  -I/usr/local/include  conftest.c  -L"." -L"/System/Library/Frameworks/Ruby.framework/Versions/1.8/usr/lib"  -L/usr/local/lib -L/usr/local/lib -L/usr/X11/lib -R/usr/X11/lib -L/usr/local/lib -lfreetype -lz    -L/usr/local/lib -lWand -lMagick -lMagick  -lruby -lMagick  -lpthread -ldl -lm  "
checked program was:
/* begin */
 1: #include <assert.h>
 2: #include <ctype.h>
 3: #include <stdio.h>
 4: #include <stdlib.h>
 5: #include <math.h>
 6: #include <time.h>
 7: #include <stdint.h>
 8: #include <sys/types.h>
 9: #include <magick/MagickCore.h>
10: 
11: /*top*/
12: int main() { return 0; }
13: int t() { void ((*volatile p)()); p = (void ((*)()))FloodfillPaintImage; return 0; }
/* end */

--------------------

have_func: checking for GetAuthenticPixels() in assert.h,ctype.h,stdio.h,stdlib.h,math.h,time.h,stdint.h,sys/types.h,magick/MagickCore.h... -------------------- no

"gcc -o conftest -I. -I/System/Library/Frameworks/Ruby.framework/Versions/1.8/usr/lib/ruby/1.8/universal-darwin9.0 -I.  -I/usr/local/include  -I/usr/local/include  conftest.c  -L"." -L"/System/Library/Frameworks/Ruby.framework/Versions/1.8/usr/lib"  -L/usr/local/lib -L/usr/local/lib -L/usr/X11/lib -R/usr/X11/lib -L/usr/local/lib -lfreetype -lz    -L/usr/local/lib -lWand -lMagick -lMagick  -lruby -lMagick  -lpthread -ldl -lm  "
conftest.c: In function ‘t’:
conftest.c:13: error: ‘GetAuthenticPixels’ undeclared (first use in this function)
conftest.c:13: error: (Each undeclared identifier is reported only once
conftest.c:13: error: for each function it appears in.)
checked program was:
/* begin */
 1: #include <assert.h>
 2: #include <ctype.h>
 3: #include <stdio.h>
 4: #include <stdlib.h>
 5: #include <math.h>
 6: #include <time.h>
 7: #include <stdint.h>
 8: #include <sys/types.h>
 9: #include <magick/MagickCore.h>
10: 
11: /*top*/
12: int main() { return 0; }
13: int t() { void ((*volatile p)()); p = (void ((*)()))GetAuthenticPixels; return 0; }
/* end */

"gcc -o conftest -I. -I/System/Library/Frameworks/Ruby.framework/Versions/1.8/usr/lib/ruby/1.8/universal-darwin9.0 -I.  -I/usr/local/include  -I/usr/local/include  conftest.c  -L"." -L"/System/Library/Frameworks/Ruby.framework/Versions/1.8/usr/lib"  -L/usr/local/lib -L/usr/local/lib -L/usr/X11/lib -R/usr/X11/lib -L/usr/local/lib -lfreetype -lz    -L/usr/local/lib -lWand -lMagick -lMagick  -lruby -lMagick  -lpthread -ldl -lm  "
Undefined symbols:
  "_GetAuthenticPixels", referenced from:
      _t in cckLqf90.o
ld: symbol(s) not found
collect2: ld returned 1 exit status
checked program was:
/* begin */
 1: #include <assert.h>
 2: #include <ctype.h>
 3: #include <stdio.h>
 4: #include <stdlib.h>
 5: #include <math.h>
 6: #include <time.h>
 7: #include <stdint.h>
 8: #include <sys/types.h>
 9: #include <magick/MagickCore.h>
10: 
11: /*top*/
12: int main() { return 0; }
13: int t() { GetAuthenticPixels(); return 0; }
/* end */

--------------------

have_func: checking for GetImageAlphaChannel() in assert.h,ctype.h,stdio.h,stdlib.h,math.h,time.h,stdint.h,sys/types.h,magick/MagickCore.h... -------------------- no

"gcc -o conftest -I. -I/System/Library/Frameworks/Ruby.framework/Versions/1.8/usr/lib/ruby/1.8/universal-darwin9.0 -I.  -I/usr/local/include  -I/usr/local/include  conftest.c  -L"." -L"/System/Library/Frameworks/Ruby.framework/Versions/1.8/usr/lib"  -L/usr/local/lib -L/usr/local/lib -L/usr/X11/lib -R/usr/X11/lib -L/usr/local/lib -lfreetype -lz    -L/usr/local/lib -lWand -lMagick -lMagick  -lruby -lMagick  -lpthread -ldl -lm  "
conftest.c: In function ‘t’:
conftest.c:13: error: ‘GetImageAlphaChannel’ undeclared (first use in this function)
conftest.c:13: error: (Each undeclared identifier is reported only once
conftest.c:13: error: for each function it appears in.)
checked program was:
/* begin */
 1: #include <assert.h>
 2: #include <ctype.h>
 3: #include <stdio.h>
 4: #include <stdlib.h>
 5: #include <math.h>
 6: #include <time.h>
 7: #include <stdint.h>
 8: #include <sys/types.h>
 9: #include <magick/MagickCore.h>
10: 
11: /*top*/
12: int main() { return 0; }
13: int t() { void ((*volatile p)()); p = (void ((*)()))GetImageAlphaChannel; return 0; }
/* end */

"gcc -o conftest -I. -I/System/Library/Frameworks/Ruby.framework/Versions/1.8/usr/lib/ruby/1.8/universal-darwin9.0 -I.  -I/usr/local/include  -I/usr/local/include  conftest.c  -L"." -L"/System/Library/Frameworks/Ruby.framework/Versions/1.8/usr/lib"  -L/usr/local/lib -L/usr/local/lib -L/usr/X11/lib -R/usr/X11/lib -L/usr/local/lib -lfreetype -lz    -L/usr/local/lib -lWand -lMagick -lMagick  -lruby -lMagick  -lpthread -ldl -lm  "
Undefined symbols:
  "_GetImageAlphaChannel", referenced from:
      _t in ccNE11MU.o
ld: symbol(s) not found
collect2: ld returned 1 exit status
checked program was:
/* begin */
 1: #include <assert.h>
 2: #include <ctype.h>
 3: #include <stdio.h>
 4: #include <stdlib.h>
 5: #include <math.h>
 6: #include <time.h>
 7: #include <stdint.h>
 8: #include <sys/types.h>
 9: #include <magick/MagickCore.h>
10: 
11: /*top*/
12: int main() { return 0; }
13: int t() { GetImageAlphaChannel(); return 0; }
/* end */

--------------------

have_func: checking for GetImageProperty() in assert.h,ctype.h,stdio.h,stdlib.h,math.h,time.h,stdint.h,sys/types.h,magick/MagickCore.h... -------------------- yes

"gcc -o conftest -I. -I/System/Library/Frameworks/Ruby.framework/Versions/1.8/usr/lib/ruby/1.8/universal-darwin9.0 -I.  -I/usr/local/include  -I/usr/local/include  conftest.c  -L"." -L"/System/Library/Frameworks/Ruby.framework/Versions/1.8/usr/lib"  -L/usr/local/lib -L/usr/local/lib -L/usr/X11/lib -R/usr/X11/lib -L/usr/local/lib -lfreetype -lz    -L/usr/local/lib -lWand -lMagick -lMagick  -lruby -lMagick  -lpthread -ldl -lm  "
checked program was:
/* begin */
 1: #include <assert.h>
 2: #include <ctype.h>
 3: #include <stdio.h>
 4: #include <stdlib.h>
 5: #include <math.h>
 6: #include <time.h>
 7: #include <stdint.h>
 8: #include <sys/types.h>
 9: #include <magick/MagickCore.h>
10: 
11: /*top*/
12: int main() { return 0; }
13: int t() { void ((*volatile p)()); p = (void ((*)()))GetImageProperty; return 0; }
/* end */

--------------------

have_func: checking for GetNextImageProperty() in assert.h,ctype.h,stdio.h,stdlib.h,math.h,time.h,stdint.h,sys/types.h,magick/MagickCore.h... -------------------- yes

"gcc -o conftest -I. -I/System/Library/Frameworks/Ruby.framework/Versions/1.8/usr/lib/ruby/1.8/universal-darwin9.0 -I.  -I/usr/local/include  -I/usr/local/include  conftest.c  -L"." -L"/System/Library/Frameworks/Ruby.framework/Versions/1.8/usr/lib"  -L/usr/local/lib -L/usr/local/lib -L/usr/X11/lib -R/usr/X11/lib -L/usr/local/lib -lfreetype -lz    -L/usr/local/lib -lWand -lMagick -lMagick  -lruby -lMagick  -lpthread -ldl -lm  "
checked program was:
/* begin */
 1: #include <assert.h>
 2: #include <ctype.h>
 3: #include <stdio.h>
 4: #include <stdlib.h>
 5: #include <math.h>
 6: #include <time.h>
 7: #include <stdint.h>
 8: #include <sys/types.h>
 9: #include <magick/MagickCore.h>
10: 
11: /*top*/
12: int main() { return 0; }
13: int t() { void ((*volatile p)()); p = (void ((*)()))GetNextImageProperty; return 0; }
/* end */

--------------------

have_func: checking for GetStringInfoDatum() in assert.h,ctype.h,stdio.h,stdlib.h,math.h,time.h,stdint.h,sys/types.h,magick/MagickCore.h... -------------------- yes

"gcc -o conftest -I. -I/System/Library/Frameworks/Ruby.framework/Versions/1.8/usr/lib/ruby/1.8/universal-darwin9.0 -I.  -I/usr/local/include  -I/usr/local/include  conftest.c  -L"." -L"/System/Library/Frameworks/Ruby.framework/Versions/1.8/usr/lib"  -L/usr/local/lib -L/usr/local/lib -L/usr/X11/lib -R/usr/X11/lib -L/usr/local/lib -lfreetype -lz    -L/usr/local/lib -lWand -lMagick -lMagick  -lruby -lMagick  -lpthread -ldl -lm  "
checked program was:
/* begin */
 1: #include <assert.h>
 2: #include <ctype.h>
 3: #include <stdio.h>
 4: #include <stdlib.h>
 5: #include <math.h>
 6: #include <time.h>
 7: #include <stdint.h>
 8: #include <sys/types.h>
 9: #include <magick/MagickCore.h>
10: 
11: /*top*/
12: int main() { return 0; }
13: int t() { void ((*volatile p)()); p = (void ((*)()))GetStringInfoDatum; return 0; }
/* end */

--------------------

have_func: checking for GetVirtualPixels() in assert.h,ctype.h,stdio.h,stdlib.h,math.h,time.h,stdint.h,sys/types.h,magick/MagickCore.h... -------------------- no

"gcc -o conftest -I. -I/System/Library/Frameworks/Ruby.framework/Versions/1.8/usr/lib/ruby/1.8/universal-darwin9.0 -I.  -I/usr/local/include  -I/usr/local/include  conftest.c  -L"." -L"/System/Library/Frameworks/Ruby.framework/Versions/1.8/usr/lib"  -L/usr/local/lib -L/usr/local/lib -L/usr/X11/lib -R/usr/X11/lib -L/usr/local/lib -lfreetype -lz    -L/usr/local/lib -lWand -lMagick -lMagick  -lruby -lMagick  -lpthread -ldl -lm  "
conftest.c: In function ‘t’:
conftest.c:13: error: ‘GetVirtualPixels’ undeclared (first use in this function)
conftest.c:13: error: (Each undeclared identifier is reported only once
conftest.c:13: error: for each function it appears in.)
checked program was:
/* begin */
 1: #include <assert.h>
 2: #include <ctype.h>
 3: #include <stdio.h>
 4: #include <stdlib.h>
 5: #include <math.h>
 6: #include <time.h>
 7: #include <stdint.h>
 8: #include <sys/types.h>
 9: #include <magick/MagickCore.h>
10: 
11: /*top*/
12: int main() { return 0; }
13: int t() { void ((*volatile p)()); p = (void ((*)()))GetVirtualPixels; return 0; }
/* end */

"gcc -o conftest -I. -I/System/Library/Frameworks/Ruby.framework/Versions/1.8/usr/lib/ruby/1.8/universal-darwin9.0 -I.  -I/usr/local/include  -I/usr/local/include  conftest.c  -L"." -L"/System/Library/Frameworks/Ruby.framework/Versions/1.8/usr/lib"  -L/usr/local/lib -L/usr/local/lib -L/usr/X11/lib -R/usr/X11/lib -L/usr/local/lib -lfreetype -lz    -L/usr/local/lib -lWand -lMagick -lMagick  -lruby -lMagick  -lpthread -ldl -lm  "
Undefined symbols:
  "_GetVirtualPixels", referenced from:
      _t in ccl4cJ3v.o
ld: symbol(s) not found
collect2: ld returned 1 exit status
checked program was:
/* begin */
 1: #include <assert.h>
 2: #include <ctype.h>
 3: #include <stdio.h>
 4: #include <stdlib.h>
 5: #include <math.h>
 6: #include <time.h>
 7: #include <stdint.h>
 8: #include <sys/types.h>
 9: #include <magick/MagickCore.h>
10: 
11: /*top*/
12: int main() { return 0; }
13: int t() { GetVirtualPixels(); return 0; }
/* end */

--------------------

have_func: checking for InterpretImageProperties() in assert.h,ctype.h,stdio.h,stdlib.h,math.h,time.h,stdint.h,sys/types.h,magick/MagickCore.h... -------------------- yes

"gcc -o conftest -I. -I/System/Library/Frameworks/Ruby.framework/Versions/1.8/usr/lib/ruby/1.8/universal-darwin9.0 -I.  -I/usr/local/include  -I/usr/local/include  conftest.c  -L"." -L"/System/Library/Frameworks/Ruby.framework/Versions/1.8/usr/lib"  -L/usr/local/lib -L/usr/local/lib -L/usr/X11/lib -R/usr/X11/lib -L/usr/local/lib -lfreetype -lz    -L/usr/local/lib -lWand -lMagick -lMagick  -lruby -lMagick  -lpthread -ldl -lm  "
checked program was:
/* begin */
 1: #include <assert.h>
 2: #include <ctype.h>
 3: #include <stdio.h>
 4: #include <stdlib.h>
 5: #include <math.h>
 6: #include <time.h>
 7: #include <stdint.h>
 8: #include <sys/types.h>
 9: #include <magick/MagickCore.h>
10: 
11: /*top*/
12: int main() { return 0; }
13: int t() { void ((*volatile p)()); p = (void ((*)()))InterpretImageProperties; return 0; }
/* end */

--------------------

have_func: checking for IsHistogramImage() in assert.h,ctype.h,stdio.h,stdlib.h,math.h,time.h,stdint.h,sys/types.h,magick/MagickCore.h... -------------------- yes

"gcc -o conftest -I. -I/System/Library/Frameworks/Ruby.framework/Versions/1.8/usr/lib/ruby/1.8/universal-darwin9.0 -I.  -I/usr/local/include  -I/usr/local/include  conftest.c  -L"." -L"/System/Library/Frameworks/Ruby.framework/Versions/1.8/usr/lib"  -L/usr/local/lib -L/usr/local/lib -L/usr/X11/lib -R/usr/X11/lib -L/usr/local/lib -lfreetype -lz    -L/usr/local/lib -lWand -lMagick -lMagick  -lruby -lMagick  -lpthread -ldl -lm  "
checked program was:
/* begin */
 1: #include <assert.h>
 2: #include <ctype.h>
 3: #include <stdio.h>
 4: #include <stdlib.h>
 5: #include <math.h>
 6: #include <time.h>
 7: #include <stdint.h>
 8: #include <sys/types.h>
 9: #include <magick/MagickCore.h>
10: 
11: /*top*/
12: int main() { return 0; }
13: int t() { void ((*volatile p)()); p = (void ((*)()))IsHistogramImage; return 0; }
/* end */

--------------------

have_func: checking for LevelImageColors() in assert.h,ctype.h,stdio.h,stdlib.h,math.h,time.h,stdint.h,sys/types.h,magick/MagickCore.h... -------------------- no

"gcc -o conftest -I. -I/System/Library/Frameworks/Ruby.framework/Versions/1.8/usr/lib/ruby/1.8/universal-darwin9.0 -I.  -I/usr/local/include  -I/usr/local/include  conftest.c  -L"." -L"/System/Library/Frameworks/Ruby.framework/Versions/1.8/usr/lib"  -L/usr/local/lib -L/usr/local/lib -L/usr/X11/lib -R/usr/X11/lib -L/usr/local/lib -lfreetype -lz    -L/usr/local/lib -lWand -lMagick -lMagick  -lruby -lMagick  -lpthread -ldl -lm  "
conftest.c: In function ‘t’:
conftest.c:13: error: ‘LevelImageColors’ undeclared (first use in this function)
conftest.c:13: error: (Each undeclared identifier is reported only once
conftest.c:13: error: for each function it appears in.)
checked program was:
/* begin */
 1: #include <assert.h>
 2: #include <ctype.h>
 3: #include <stdio.h>
 4: #include <stdlib.h>
 5: #include <math.h>
 6: #include <time.h>
 7: #include <stdint.h>
 8: #include <sys/types.h>
 9: #include <magick/MagickCore.h>
10: 
11: /*top*/
12: int main() { return 0; }
13: int t() { void ((*volatile p)()); p = (void ((*)()))LevelImageColors; return 0; }
/* end */

"gcc -o conftest -I. -I/System/Library/Frameworks/Ruby.framework/Versions/1.8/usr/lib/ruby/1.8/universal-darwin9.0 -I.  -I/usr/local/include  -I/usr/local/include  conftest.c  -L"." -L"/System/Library/Frameworks/Ruby.framework/Versions/1.8/usr/lib"  -L/usr/local/lib -L/usr/local/lib -L/usr/X11/lib -R/usr/X11/lib -L/usr/local/lib -lfreetype -lz    -L/usr/local/lib -lWand -lMagick -lMagick  -lruby -lMagick  -lpthread -ldl -lm  "
Undefined symbols:
  "_LevelImageColors", referenced from:
      _t in cc72sqdt.o
ld: symbol(s) not found
collect2: ld returned 1 exit status
checked program was:
/* begin */
 1: #include <assert.h>
 2: #include <ctype.h>
 3: #include <stdio.h>
 4: #include <stdlib.h>
 5: #include <math.h>
 6: #include <time.h>
 7: #include <stdint.h>
 8: #include <sys/types.h>
 9: #include <magick/MagickCore.h>
10: 
11: /*top*/
12: int main() { return 0; }
13: int t() { LevelImageColors(); return 0; }
/* end */

--------------------

have_func: checking for LevelizeImageChannel() in assert.h,ctype.h,stdio.h,stdlib.h,math.h,time.h,stdint.h,sys/types.h,magick/MagickCore.h... -------------------- no

"gcc -o conftest -I. -I/System/Library/Frameworks/Ruby.framework/Versions/1.8/usr/lib/ruby/1.8/universal-darwin9.0 -I.  -I/usr/local/include  -I/usr/local/include  conftest.c  -L"." -L"/System/Library/Frameworks/Ruby.framework/Versions/1.8/usr/lib"  -L/usr/local/lib -L/usr/local/lib -L/usr/X11/lib -R/usr/X11/lib -L/usr/local/lib -lfreetype -lz    -L/usr/local/lib -lWand -lMagick -lMagick  -lruby -lMagick  -lpthread -ldl -lm  "
conftest.c: In function ‘t’:
conftest.c:13: error: ‘LevelizeImageChannel’ undeclared (first use in this function)
conftest.c:13: error: (Each undeclared identifier is reported only once
conftest.c:13: error: for each function it appears in.)
checked program was:
/* begin */
 1: #include <assert.h>
 2: #include <ctype.h>
 3: #include <stdio.h>
 4: #include <stdlib.h>
 5: #include <math.h>
 6: #include <time.h>
 7: #include <stdint.h>
 8: #include <sys/types.h>
 9: #include <magick/MagickCore.h>
10: 
11: /*top*/
12: int main() { return 0; }
13: int t() { void ((*volatile p)()); p = (void ((*)()))LevelizeImageChannel; return 0; }
/* end */

"gcc -o conftest -I. -I/System/Library/Frameworks/Ruby.framework/Versions/1.8/usr/lib/ruby/1.8/universal-darwin9.0 -I.  -I/usr/local/include  -I/usr/local/include  conftest.c  -L"." -L"/System/Library/Frameworks/Ruby.framework/Versions/1.8/usr/lib"  -L/usr/local/lib -L/usr/local/lib -L/usr/X11/lib -R/usr/X11/lib -L/usr/local/lib -lfreetype -lz    -L/usr/local/lib -lWand -lMagick -lMagick  -lruby -lMagick  -lpthread -ldl -lm  "
Undefined symbols:
  "_LevelizeImageChannel", referenced from:
      _t in cc35p94x.o
ld: symbol(s) not found
collect2: ld returned 1 exit status
checked program was:
/* begin */
 1: #include <assert.h>
 2: #include <ctype.h>
 3: #include <stdio.h>
 4: #include <stdlib.h>
 5: #include <math.h>
 6: #include <time.h>
 7: #include <stdint.h>
 8: #include <sys/types.h>
 9: #include <magick/MagickCore.h>
10: 
11: /*top*/
12: int main() { return 0; }
13: int t() { LevelizeImageChannel(); return 0; }
/* end */

--------------------

have_func: checking for LinearStretchImage() in assert.h,ctype.h,stdio.h,stdlib.h,math.h,time.h,stdint.h,sys/types.h,magick/MagickCore.h... -------------------- yes

"gcc -o conftest -I. -I/System/Library/Frameworks/Ruby.framework/Versions/1.8/usr/lib/ruby/1.8/universal-darwin9.0 -I.  -I/usr/local/include  -I/usr/local/include  conftest.c  -L"." -L"/System/Library/Frameworks/Ruby.framework/Versions/1.8/usr/lib"  -L/usr/local/lib -L/usr/local/lib -L/usr/X11/lib -R/usr/X11/lib -L/usr/local/lib -lfreetype -lz    -L/usr/local/lib -lWand -lMagick -lMagick  -lruby -lMagick  -lpthread -ldl -lm  "
checked program was:
/* begin */
 1: #include <assert.h>
 2: #include <ctype.h>
 3: #include <stdio.h>
 4: #include <stdlib.h>
 5: #include <math.h>
 6: #include <time.h>
 7: #include <stdint.h>
 8: #include <sys/types.h>
 9: #include <magick/MagickCore.h>
10: 
11: /*top*/
12: int main() { return 0; }
13: int t() { void ((*volatile p)()); p = (void ((*)()))LinearStretchImage; return 0; }
/* end */

--------------------

have_func: checking for LiquidRescaleImage() in assert.h,ctype.h,stdio.h,stdlib.h,math.h,time.h,stdint.h,sys/types.h,magick/MagickCore.h... -------------------- yes

"gcc -o conftest -I. -I/System/Library/Frameworks/Ruby.framework/Versions/1.8/usr/lib/ruby/1.8/universal-darwin9.0 -I.  -I/usr/local/include  -I/usr/local/include  conftest.c  -L"." -L"/System/Library/Frameworks/Ruby.framework/Versions/1.8/usr/lib"  -L/usr/local/lib -L/usr/local/lib -L/usr/X11/lib -R/usr/X11/lib -L/usr/local/lib -lfreetype -lz    -L/usr/local/lib -lWand -lMagick -lMagick  -lruby -lMagick  -lpthread -ldl -lm  "
checked program was:
/* begin */
 1: #include <assert.h>
 2: #include <ctype.h>
 3: #include <stdio.h>
 4: #include <stdlib.h>
 5: #include <math.h>
 6: #include <time.h>
 7: #include <stdint.h>
 8: #include <sys/types.h>
 9: #include <magick/MagickCore.h>
10: 
11: /*top*/
12: int main() { return 0; }
13: int t() { void ((*volatile p)()); p = (void ((*)()))LiquidRescaleImage; return 0; }
/* end */

--------------------

have_func: checking for MagickCoreGenesis() in assert.h,ctype.h,stdio.h,stdlib.h,math.h,time.h,stdint.h,sys/types.h,magick/MagickCore.h... -------------------- yes

"gcc -o conftest -I. -I/System/Library/Frameworks/Ruby.framework/Versions/1.8/usr/lib/ruby/1.8/universal-darwin9.0 -I.  -I/usr/local/include  -I/usr/local/include  conftest.c  -L"." -L"/System/Library/Frameworks/Ruby.framework/Versions/1.8/usr/lib"  -L/usr/local/lib -L/usr/local/lib -L/usr/X11/lib -R/usr/X11/lib -L/usr/local/lib -lfreetype -lz    -L/usr/local/lib -lWand -lMagick -lMagick  -lruby -lMagick  -lpthread -ldl -lm  "
checked program was:
/* begin */
 1: #include <assert.h>
 2: #include <ctype.h>
 3: #include <stdio.h>
 4: #include <stdlib.h>
 5: #include <math.h>
 6: #include <time.h>
 7: #include <stdint.h>
 8: #include <sys/types.h>
 9: #include <magick/MagickCore.h>
10: 
11: /*top*/
12: int main() { return 0; }
13: int t() { void ((*volatile p)()); p = (void ((*)()))MagickCoreGenesis; return 0; }
/* end */

--------------------

have_func: checking for OpaquePaintImageChannel() in assert.h,ctype.h,stdio.h,stdlib.h,math.h,time.h,stdint.h,sys/types.h,magick/MagickCore.h... -------------------- yes

"gcc -o conftest -I. -I/System/Library/Frameworks/Ruby.framework/Versions/1.8/usr/lib/ruby/1.8/universal-darwin9.0 -I.  -I/usr/local/include  -I/usr/local/include  conftest.c  -L"." -L"/System/Library/Frameworks/Ruby.framework/Versions/1.8/usr/lib"  -L/usr/local/lib -L/usr/local/lib -L/usr/X11/lib -R/usr/X11/lib -L/usr/local/lib -lfreetype -lz    -L/usr/local/lib -lWand -lMagick -lMagick  -lruby -lMagick  -lpthread -ldl -lm  "
checked program was:
/* begin */
 1: #include <assert.h>
 2: #include <ctype.h>
 3: #include <stdio.h>
 4: #include <stdlib.h>
 5: #include <math.h>
 6: #include <time.h>
 7: #include <stdint.h>
 8: #include <sys/types.h>
 9: #include <magick/MagickCore.h>
10: 
11: /*top*/
12: int main() { return 0; }
13: int t() { void ((*volatile p)()); p = (void ((*)()))OpaquePaintImageChannel; return 0; }
/* end */

--------------------

have_func: checking for PolaroidImage() in assert.h,ctype.h,stdio.h,stdlib.h,math.h,time.h,stdint.h,sys/types.h,magick/MagickCore.h... -------------------- yes

"gcc -o conftest -I. -I/System/Library/Frameworks/Ruby.framework/Versions/1.8/usr/lib/ruby/1.8/universal-darwin9.0 -I.  -I/usr/local/include  -I/usr/local/include  conftest.c  -L"." -L"/System/Library/Frameworks/Ruby.framework/Versions/1.8/usr/lib"  -L/usr/local/lib -L/usr/local/lib -L/usr/X11/lib -R/usr/X11/lib -L/usr/local/lib -lfreetype -lz    -L/usr/local/lib -lWand -lMagick -lMagick  -lruby -lMagick  -lpthread -ldl -lm  "
checked program was:
/* begin */
 1: #include <assert.h>
 2: #include <ctype.h>
 3: #include <stdio.h>
 4: #include <stdlib.h>
 5: #include <math.h>
 6: #include <time.h>
 7: #include <stdint.h>
 8: #include <sys/types.h>
 9: #include <magick/MagickCore.h>
10: 
11: /*top*/
12: int main() { return 0; }
13: int t() { void ((*volatile p)()); p = (void ((*)()))PolaroidImage; return 0; }
/* end */

--------------------

have_func: checking for RecolorImage() in assert.h,ctype.h,stdio.h,stdlib.h,math.h,time.h,stdint.h,sys/types.h,magick/MagickCore.h... -------------------- yes

"gcc -o conftest -I. -I/System/Library/Frameworks/Ruby.framework/Versions/1.8/usr/lib/ruby/1.8/universal-darwin9.0 -I.  -I/usr/local/include  -I/usr/local/include  conftest.c  -L"." -L"/System/Library/Frameworks/Ruby.framework/Versions/1.8/usr/lib"  -L/usr/local/lib -L/usr/local/lib -L/usr/X11/lib -R/usr/X11/lib -L/usr/local/lib -lfreetype -lz    -L/usr/local/lib -lWand -lMagick -lMagick  -lruby -lMagick  -lpthread -ldl -lm  "
checked program was:
/* begin */
 1: #include <assert.h>
 2: #include <ctype.h>
 3: #include <stdio.h>
 4: #include <stdlib.h>
 5: #include <math.h>
 6: #include <time.h>
 7: #include <stdint.h>
 8: #include <sys/types.h>
 9: #include <magick/MagickCore.h>
10: 
11: /*top*/
12: int main() { return 0; }
13: int t() { void ((*volatile p)()); p = (void ((*)()))RecolorImage; return 0; }
/* end */

--------------------

have_func: checking for RemapImage() in assert.h,ctype.h,stdio.h,stdlib.h,math.h,time.h,stdint.h,sys/types.h,magick/MagickCore.h... -------------------- no

"gcc -o conftest -I. -I/System/Library/Frameworks/Ruby.framework/Versions/1.8/usr/lib/ruby/1.8/universal-darwin9.0 -I.  -I/usr/local/include  -I/usr/local/include  conftest.c  -L"." -L"/System/Library/Frameworks/Ruby.framework/Versions/1.8/usr/lib"  -L/usr/local/lib -L/usr/local/lib -L/usr/X11/lib -R/usr/X11/lib -L/usr/local/lib -lfreetype -lz    -L/usr/local/lib -lWand -lMagick -lMagick  -lruby -lMagick  -lpthread -ldl -lm  "
conftest.c: In function ‘t’:
conftest.c:13: error: ‘RemapImage’ undeclared (first use in this function)
conftest.c:13: error: (Each undeclared identifier is reported only once
conftest.c:13: error: for each function it appears in.)
checked program was:
/* begin */
 1: #include <assert.h>
 2: #include <ctype.h>
 3: #include <stdio.h>
 4: #include <stdlib.h>
 5: #include <math.h>
 6: #include <time.h>
 7: #include <stdint.h>
 8: #include <sys/types.h>
 9: #include <magick/MagickCore.h>
10: 
11: /*top*/
12: int main() { return 0; }
13: int t() { void ((*volatile p)()); p = (void ((*)()))RemapImage; return 0; }
/* end */

"gcc -o conftest -I. -I/System/Library/Frameworks/Ruby.framework/Versions/1.8/usr/lib/ruby/1.8/universal-darwin9.0 -I.  -I/usr/local/include  -I/usr/local/include  conftest.c  -L"." -L"/System/Library/Frameworks/Ruby.framework/Versions/1.8/usr/lib"  -L/usr/local/lib -L/usr/local/lib -L/usr/X11/lib -R/usr/X11/lib -L/usr/local/lib -lfreetype -lz    -L/usr/local/lib -lWand -lMagick -lMagick  -lruby -lMagick  -lpthread -ldl -lm  "
Undefined symbols:
  "_RemapImage", referenced from:
      _t in cc3b2VhA.o
ld: symbol(s) not found
collect2: ld returned 1 exit status
checked program was:
/* begin */
 1: #include <assert.h>
 2: #include <ctype.h>
 3: #include <stdio.h>
 4: #include <stdlib.h>
 5: #include <math.h>
 6: #include <time.h>
 7: #include <stdint.h>
 8: #include <sys/types.h>
 9: #include <magick/MagickCore.h>
10: 
11: /*top*/
12: int main() { return 0; }
13: int t() { RemapImage(); return 0; }
/* end */

--------------------

have_func: checking for RemoveImageArtifact() in assert.h,ctype.h,stdio.h,stdlib.h,math.h,time.h,stdint.h,sys/types.h,magick/MagickCore.h... -------------------- yes

"gcc -o conftest -I. -I/System/Library/Frameworks/Ruby.framework/Versions/1.8/usr/lib/ruby/1.8/universal-darwin9.0 -I.  -I/usr/local/include  -I/usr/local/include  conftest.c  -L"." -L"/System/Library/Frameworks/Ruby.framework/Versions/1.8/usr/lib"  -L/usr/local/lib -L/usr/local/lib -L/usr/X11/lib -R/usr/X11/lib -L/usr/local/lib -lfreetype -lz    -L/usr/local/lib -lWand -lMagick -lMagick  -lruby -lMagick  -lpthread -ldl -lm  "
checked program was:
/* begin */
 1: #include <assert.h>
 2: #include <ctype.h>
 3: #include <stdio.h>
 4: #include <stdlib.h>
 5: #include <math.h>
 6: #include <time.h>
 7: #include <stdint.h>
 8: #include <sys/types.h>
 9: #include <magick/MagickCore.h>
10: 
11: /*top*/
12: int main() { return 0; }
13: int t() { void ((*volatile p)()); p = (void ((*)()))RemoveImageArtifact; return 0; }
/* end */

--------------------

have_func: checking for ResetImagePage() in assert.h,ctype.h,stdio.h,stdlib.h,math.h,time.h,stdint.h,sys/types.h,magick/MagickCore.h... -------------------- yes

"gcc -o conftest -I. -I/System/Library/Frameworks/Ruby.framework/Versions/1.8/usr/lib/ruby/1.8/universal-darwin9.0 -I.  -I/usr/local/include  -I/usr/local/include  conftest.c  -L"." -L"/System/Library/Frameworks/Ruby.framework/Versions/1.8/usr/lib"  -L/usr/local/lib -L/usr/local/lib -L/usr/X11/lib -R/usr/X11/lib -L/usr/local/lib -lfreetype -lz    -L/usr/local/lib -lWand -lMagick -lMagick  -lruby -lMagick  -lpthread -ldl -lm  "
checked program was:
/* begin */
 1: #include <assert.h>
 2: #include <ctype.h>
 3: #include <stdio.h>
 4: #include <stdlib.h>
 5: #include <math.h>
 6: #include <time.h>
 7: #include <stdint.h>
 8: #include <sys/types.h>
 9: #include <magick/MagickCore.h>
10: 
11: /*top*/
12: int main() { return 0; }
13: int t() { void ((*volatile p)()); p = (void ((*)()))ResetImagePage; return 0; }
/* end */

--------------------

have_func: checking for ResizeQuantumMemory() in assert.h,ctype.h,stdio.h,stdlib.h,math.h,time.h,stdint.h,sys/types.h,magick/MagickCore.h... -------------------- yes

"gcc -o conftest -I. -I/System/Library/Frameworks/Ruby.framework/Versions/1.8/usr/lib/ruby/1.8/universal-darwin9.0 -I.  -I/usr/local/include  -I/usr/local/include  conftest.c  -L"." -L"/System/Library/Frameworks/Ruby.framework/Versions/1.8/usr/lib"  -L/usr/local/lib -L/usr/local/lib -L/usr/X11/lib -R/usr/X11/lib -L/usr/local/lib -lfreetype -lz    -L/usr/local/lib -lWand -lMagick -lMagick  -lruby -lMagick  -lpthread -ldl -lm  "
checked program was:
/* begin */
 1: #include <assert.h>
 2: #include <ctype.h>
 3: #include <stdio.h>
 4: #include <stdlib.h>
 5: #include <math.h>
 6: #include <time.h>
 7: #include <stdint.h>
 8: #include <sys/types.h>
 9: #include <magick/MagickCore.h>
10: 
11: /*top*/
12: int main() { return 0; }
13: int t() { void ((*volatile p)()); p = (void ((*)()))ResizeQuantumMemory; return 0; }
/* end */

--------------------

have_func: checking for SetImageAlphaChannel() in assert.h,ctype.h,stdio.h,stdlib.h,math.h,time.h,stdint.h,sys/types.h,magick/MagickCore.h... -------------------- yes

"gcc -o conftest -I. -I/System/Library/Frameworks/Ruby.framework/Versions/1.8/usr/lib/ruby/1.8/universal-darwin9.0 -I.  -I/usr/local/include  -I/usr/local/include  conftest.c  -L"." -L"/System/Library/Frameworks/Ruby.framework/Versions/1.8/usr/lib"  -L/usr/local/lib -L/usr/local/lib -L/usr/X11/lib -R/usr/X11/lib -L/usr/local/lib -lfreetype -lz    -L/usr/local/lib -lWand -lMagick -lMagick  -lruby -lMagick  -lpthread -ldl -lm  "
checked program was:
/* begin */
 1: #include <assert.h>
 2: #include <ctype.h>
 3: #include <stdio.h>
 4: #include <stdlib.h>
 5: #include <math.h>
 6: #include <time.h>
 7: #include <stdint.h>
 8: #include <sys/types.h>
 9: #include <magick/MagickCore.h>
10: 
11: /*top*/
12: int main() { return 0; }
13: int t() { void ((*volatile p)()); p = (void ((*)()))SetImageAlphaChannel; return 0; }
/* end */

--------------------

have_func: checking for SetImageArtifact() in assert.h,ctype.h,stdio.h,stdlib.h,math.h,time.h,stdint.h,sys/types.h,magick/MagickCore.h... -------------------- yes

"gcc -o conftest -I. -I/System/Library/Frameworks/Ruby.framework/Versions/1.8/usr/lib/ruby/1.8/universal-darwin9.0 -I.  -I/usr/local/include  -I/usr/local/include  conftest.c  -L"." -L"/System/Library/Frameworks/Ruby.framework/Versions/1.8/usr/lib"  -L/usr/local/lib -L/usr/local/lib -L/usr/X11/lib -R/usr/X11/lib -L/usr/local/lib -lfreetype -lz    -L/usr/local/lib -lWand -lMagick -lMagick  -lruby -lMagick  -lpthread -ldl -lm  "
checked program was:
/* begin */
 1: #include <assert.h>
 2: #include <ctype.h>
 3: #include <stdio.h>
 4: #include <stdlib.h>
 5: #include <math.h>
 6: #include <time.h>
 7: #include <stdint.h>
 8: #include <sys/types.h>
 9: #include <magick/MagickCore.h>
10: 
11: /*top*/
12: int main() { return 0; }
13: int t() { void ((*volatile p)()); p = (void ((*)()))SetImageArtifact; return 0; }
/* end */

--------------------

have_func: checking for SetImageMask() in assert.h,ctype.h,stdio.h,stdlib.h,math.h,time.h,stdint.h,sys/types.h,magick/MagickCore.h... -------------------- yes

"gcc -o conftest -I. -I/System/Library/Frameworks/Ruby.framework/Versions/1.8/usr/lib/ruby/1.8/universal-darwin9.0 -I.  -I/usr/local/include  -I/usr/local/include  conftest.c  -L"." -L"/System/Library/Frameworks/Ruby.framework/Versions/1.8/usr/lib"  -L/usr/local/lib -L/usr/local/lib -L/usr/X11/lib -R/usr/X11/lib -L/usr/local/lib -lfreetype -lz    -L/usr/local/lib -lWand -lMagick -lMagick  -lruby -lMagick  -lpthread -ldl -lm  "
checked program was:
/* begin */
 1: #include <assert.h>
 2: #include <ctype.h>
 3: #include <stdio.h>
 4: #include <stdlib.h>
 5: #include <math.h>
 6: #include <time.h>
 7: #include <stdint.h>
 8: #include <sys/types.h>
 9: #include <magick/MagickCore.h>
10: 
11: /*top*/
12: int main() { return 0; }
13: int t() { void ((*volatile p)()); p = (void ((*)()))SetImageMask; return 0; }
/* end */

--------------------

have_func: checking for SetImageProperty() in assert.h,ctype.h,stdio.h,stdlib.h,math.h,time.h,stdint.h,sys/types.h,magick/MagickCore.h... -------------------- yes

"gcc -o conftest -I. -I/System/Library/Frameworks/Ruby.framework/Versions/1.8/usr/lib/ruby/1.8/universal-darwin9.0 -I.  -I/usr/local/include  -I/usr/local/include  conftest.c  -L"." -L"/System/Library/Frameworks/Ruby.framework/Versions/1.8/usr/lib"  -L/usr/local/lib -L/usr/local/lib -L/usr/X11/lib -R/usr/X11/lib -L/usr/local/lib -lfreetype -lz    -L/usr/local/lib -lWand -lMagick -lMagick  -lruby -lMagick  -lpthread -ldl -lm  "
checked program was:
/* begin */
 1: #include <assert.h>
 2: #include <ctype.h>
 3: #include <stdio.h>
 4: #include <stdlib.h>
 5: #include <math.h>
 6: #include <time.h>
 7: #include <stdint.h>
 8: #include <sys/types.h>
 9: #include <magick/MagickCore.h>
10: 
11: /*top*/
12: int main() { return 0; }
13: int t() { void ((*volatile p)()); p = (void ((*)()))SetImageProperty; return 0; }
/* end */

--------------------

have_func: checking for SetImageRegistry() in assert.h,ctype.h,stdio.h,stdlib.h,math.h,time.h,stdint.h,sys/types.h,magick/MagickCore.h... -------------------- yes

"gcc -o conftest -I. -I/System/Library/Frameworks/Ruby.framework/Versions/1.8/usr/lib/ruby/1.8/universal-darwin9.0 -I.  -I/usr/local/include  -I/usr/local/include  conftest.c  -L"." -L"/System/Library/Frameworks/Ruby.framework/Versions/1.8/usr/lib"  -L/usr/local/lib -L/usr/local/lib -L/usr/X11/lib -R/usr/X11/lib -L/usr/local/lib -lfreetype -lz    -L/usr/local/lib -lWand -lMagick -lMagick  -lruby -lMagick  -lpthread -ldl -lm  "
checked program was:
/* begin */
 1: #include <assert.h>
 2: #include <ctype.h>
 3: #include <stdio.h>
 4: #include <stdlib.h>
 5: #include <math.h>
 6: #include <time.h>
 7: #include <stdint.h>
 8: #include <sys/types.h>
 9: #include <magick/MagickCore.h>
10: 
11: /*top*/
12: int main() { return 0; }
13: int t() { void ((*volatile p)()); p = (void ((*)()))SetImageRegistry; return 0; }
/* end */

--------------------

have_func: checking for SparseColorImage() in assert.h,ctype.h,stdio.h,stdlib.h,math.h,time.h,stdint.h,sys/types.h,magick/MagickCore.h... -------------------- no

"gcc -o conftest -I. -I/System/Library/Frameworks/Ruby.framework/Versions/1.8/usr/lib/ruby/1.8/universal-darwin9.0 -I.  -I/usr/local/include  -I/usr/local/include  conftest.c  -L"." -L"/System/Library/Frameworks/Ruby.framework/Versions/1.8/usr/lib"  -L/usr/local/lib -L/usr/local/lib -L/usr/X11/lib -R/usr/X11/lib -L/usr/local/lib -lfreetype -lz    -L/usr/local/lib -lWand -lMagick -lMagick  -lruby -lMagick  -lpthread -ldl -lm  "
conftest.c: In function ‘t’:
conftest.c:13: error: ‘SparseColorImage’ undeclared (first use in this function)
conftest.c:13: error: (Each undeclared identifier is reported only once
conftest.c:13: error: for each function it appears in.)
checked program was:
/* begin */
 1: #include <assert.h>
 2: #include <ctype.h>
 3: #include <stdio.h>
 4: #include <stdlib.h>
 5: #include <math.h>
 6: #include <time.h>
 7: #include <stdint.h>
 8: #include <sys/types.h>
 9: #include <magick/MagickCore.h>
10: 
11: /*top*/
12: int main() { return 0; }
13: int t() { void ((*volatile p)()); p = (void ((*)()))SparseColorImage; return 0; }
/* end */

"gcc -o conftest -I. -I/System/Library/Frameworks/Ruby.framework/Versions/1.8/usr/lib/ruby/1.8/universal-darwin9.0 -I.  -I/usr/local/include  -I/usr/local/include  conftest.c  -L"." -L"/System/Library/Frameworks/Ruby.framework/Versions/1.8/usr/lib"  -L/usr/local/lib -L/usr/local/lib -L/usr/X11/lib -R/usr/X11/lib -L/usr/local/lib -lfreetype -lz    -L/usr/local/lib -lWand -lMagick -lMagick  -lruby -lMagick  -lpthread -ldl -lm  "
Undefined symbols:
  "_SparseColorImage", referenced from:
      _t in cczLhqTN.o
ld: symbol(s) not found
collect2: ld returned 1 exit status
checked program was:
/* begin */
 1: #include <assert.h>
 2: #include <ctype.h>
 3: #include <stdio.h>
 4: #include <stdlib.h>
 5: #include <math.h>
 6: #include <time.h>
 7: #include <stdint.h>
 8: #include <sys/types.h>
 9: #include <magick/MagickCore.h>
10: 
11: /*top*/
12: int main() { return 0; }
13: int t() { SparseColorImage(); return 0; }
/* end */

--------------------

have_func: checking for SyncImageProfiles() in assert.h,ctype.h,stdio.h,stdlib.h,math.h,time.h,stdint.h,sys/types.h,magick/MagickCore.h... -------------------- yes

"gcc -o conftest -I. -I/System/Library/Frameworks/Ruby.framework/Versions/1.8/usr/lib/ruby/1.8/universal-darwin9.0 -I.  -I/usr/local/include  -I/usr/local/include  conftest.c  -L"." -L"/System/Library/Frameworks/Ruby.framework/Versions/1.8/usr/lib"  -L/usr/local/lib -L/usr/local/lib -L/usr/X11/lib -R/usr/X11/lib -L/usr/local/lib -lfreetype -lz    -L/usr/local/lib -lWand -lMagick -lMagick  -lruby -lMagick  -lpthread -ldl -lm  "
checked program was:
/* begin */
 1: #include <assert.h>
 2: #include <ctype.h>
 3: #include <stdio.h>
 4: #include <stdlib.h>
 5: #include <math.h>
 6: #include <time.h>
 7: #include <stdint.h>
 8: #include <sys/types.h>
 9: #include <magick/MagickCore.h>
10: 
11: /*top*/
12: int main() { return 0; }
13: int t() { void ((*volatile p)()); p = (void ((*)()))SyncImageProfiles; return 0; }
/* end */

--------------------

have_func: checking for SyncAuthenticPixels() in assert.h,ctype.h,stdio.h,stdlib.h,math.h,time.h,stdint.h,sys/types.h,magick/MagickCore.h... -------------------- no

"gcc -o conftest -I. -I/System/Library/Frameworks/Ruby.framework/Versions/1.8/usr/lib/ruby/1.8/universal-darwin9.0 -I.  -I/usr/local/include  -I/usr/local/include  conftest.c  -L"." -L"/System/Library/Frameworks/Ruby.framework/Versions/1.8/usr/lib"  -L/usr/local/lib -L/usr/local/lib -L/usr/X11/lib -R/usr/X11/lib -L/usr/local/lib -lfreetype -lz    -L/usr/local/lib -lWand -lMagick -lMagick  -lruby -lMagick  -lpthread -ldl -lm  "
conftest.c: In function ‘t’:
conftest.c:13: error: ‘SyncAuthenticPixels’ undeclared (first use in this function)
conftest.c:13: error: (Each undeclared identifier is reported only once
conftest.c:13: error: for each function it appears in.)
checked program was:
/* begin */
 1: #include <assert.h>
 2: #include <ctype.h>
 3: #include <stdio.h>
 4: #include <stdlib.h>
 5: #include <math.h>
 6: #include <time.h>
 7: #include <stdint.h>
 8: #include <sys/types.h>
 9: #include <magick/MagickCore.h>
10: 
11: /*top*/
12: int main() { return 0; }
13: int t() { void ((*volatile p)()); p = (void ((*)()))SyncAuthenticPixels; return 0; }
/* end */

"gcc -o conftest -I. -I/System/Library/Frameworks/Ruby.framework/Versions/1.8/usr/lib/ruby/1.8/universal-darwin9.0 -I.  -I/usr/local/include  -I/usr/local/include  conftest.c  -L"." -L"/System/Library/Frameworks/Ruby.framework/Versions/1.8/usr/lib"  -L/usr/local/lib -L/usr/local/lib -L/usr/X11/lib -R/usr/X11/lib -L/usr/local/lib -lfreetype -lz    -L/usr/local/lib -lWand -lMagick -lMagick  -lruby -lMagick  -lpthread -ldl -lm  "
Undefined symbols:
  "_SyncAuthenticPixels", referenced from:
      _t in ccQhUMUL.o
ld: symbol(s) not found
collect2: ld returned 1 exit status
checked program was:
/* begin */
 1: #include <assert.h>
 2: #include <ctype.h>
 3: #include <stdio.h>
 4: #include <stdlib.h>
 5: #include <math.h>
 6: #include <time.h>
 7: #include <stdint.h>
 8: #include <sys/types.h>
 9: #include <magick/MagickCore.h>
10: 
11: /*top*/
12: int main() { return 0; }
13: int t() { SyncAuthenticPixels(); return 0; }
/* end */

--------------------

have_func: checking for TransparentPaintImage() in assert.h,ctype.h,stdio.h,stdlib.h,math.h,time.h,stdint.h,sys/types.h,magick/MagickCore.h... -------------------- yes

"gcc -o conftest -I. -I/System/Library/Frameworks/Ruby.framework/Versions/1.8/usr/lib/ruby/1.8/universal-darwin9.0 -I.  -I/usr/local/include  -I/usr/local/include  conftest.c  -L"." -L"/System/Library/Frameworks/Ruby.framework/Versions/1.8/usr/lib"  -L/usr/local/lib -L/usr/local/lib -L/usr/X11/lib -R/usr/X11/lib -L/usr/local/lib -lfreetype -lz    -L/usr/local/lib -lWand -lMagick -lMagick  -lruby -lMagick  -lpthread -ldl -lm  "
checked program was:
/* begin */
 1: #include <assert.h>
 2: #include <ctype.h>
 3: #include <stdio.h>
 4: #include <stdlib.h>
 5: #include <math.h>
 6: #include <time.h>
 7: #include <stdint.h>
 8: #include <sys/types.h>
 9: #include <magick/MagickCore.h>
10: 
11: /*top*/
12: int main() { return 0; }
13: int t() { void ((*volatile p)()); p = (void ((*)()))TransparentPaintImage; return 0; }
/* end */

--------------------

have_func: checking for TransparentPaintImageChroma() in assert.h,ctype.h,stdio.h,stdlib.h,math.h,time.h,stdint.h,sys/types.h,magick/MagickCore.h... -------------------- no

"gcc -o conftest -I. -I/System/Library/Frameworks/Ruby.framework/Versions/1.8/usr/lib/ruby/1.8/universal-darwin9.0 -I.  -I/usr/local/include  -I/usr/local/include  conftest.c  -L"." -L"/System/Library/Frameworks/Ruby.framework/Versions/1.8/usr/lib"  -L/usr/local/lib -L/usr/local/lib -L/usr/X11/lib -R/usr/X11/lib -L/usr/local/lib -lfreetype -lz    -L/usr/local/lib -lWand -lMagick -lMagick  -lruby -lMagick  -lpthread -ldl -lm  "
conftest.c: In function ‘t’:
conftest.c:13: error: ‘TransparentPaintImageChroma’ undeclared (first use in this function)
conftest.c:13: error: (Each undeclared identifier is reported only once
conftest.c:13: error: for each function it appears in.)
checked program was:
/* begin */
 1: #include <assert.h>
 2: #include <ctype.h>
 3: #include <stdio.h>
 4: #include <stdlib.h>
 5: #include <math.h>
 6: #include <time.h>
 7: #include <stdint.h>
 8: #include <sys/types.h>
 9: #include <magick/MagickCore.h>
10: 
11: /*top*/
12: int main() { return 0; }
13: int t() { void ((*volatile p)()); p = (void ((*)()))TransparentPaintImageChroma; return 0; }
/* end */

"gcc -o conftest -I. -I/System/Library/Frameworks/Ruby.framework/Versions/1.8/usr/lib/ruby/1.8/universal-darwin9.0 -I.  -I/usr/local/include  -I/usr/local/include  conftest.c  -L"." -L"/System/Library/Frameworks/Ruby.framework/Versions/1.8/usr/lib"  -L/usr/local/lib -L/usr/local/lib -L/usr/X11/lib -R/usr/X11/lib -L/usr/local/lib -lfreetype -lz    -L/usr/local/lib -lWand -lMagick -lMagick  -lruby -lMagick  -lpthread -ldl -lm  "
Undefined symbols:
  "_TransparentPaintImageChroma", referenced from:
      _t in cc4yHGkj.o
ld: symbol(s) not found
collect2: ld returned 1 exit status
checked program was:
/* begin */
 1: #include <assert.h>
 2: #include <ctype.h>
 3: #include <stdio.h>
 4: #include <stdlib.h>
 5: #include <math.h>
 6: #include <time.h>
 7: #include <stdint.h>
 8: #include <sys/types.h>
 9: #include <magick/MagickCore.h>
10: 
11: /*top*/
12: int main() { return 0; }
13: int t() { TransparentPaintImageChroma(); return 0; }
/* end */

--------------------

checking for QueryMagickColorname() new signature... -------------------- no

"gcc -I. -I/System/Library/Frameworks/Ruby.framework/Versions/1.8/usr/lib/ruby/1.8/universal-darwin9.0 -I.  -I/usr/local/include  -I/usr/local/include    -c conftest.c"
conftest.c: In function ‘main’:
conftest.c:18: error: incompatible type for argument 4 of ‘QueryMagickColorname’
conftest.c:18: warning: passing argument 5 of ‘QueryMagickColorname’ from incompatible pointer type
conftest.c:18: error: too few arguments to function ‘QueryMagickColorname’
checked program was:
/* begin */
 1: #include <assert.h>
 2: #include <ctype.h>
 3: #include <stdio.h>
 4: #include <stdlib.h>
 5: #include <math.h>
 6: #include <time.h>
 7: #include <stdint.h>
 8: #include <sys/types.h>
 9: #include <magick/MagickCore.h>
10: 
11: /*top*/
12: int main() {
13:   MagickBooleanType okay;
14:   Image *image;
15:   MagickPixelPacket *color;
16:   char *name;
17:   ExceptionInfo *exception;
18:   okay = QueryMagickColorname(image, color, SVGCompliance, name, exception);
19:   return 0;
20:   }
/* end */

--------------------

have_struct_member: checking for ImageInfo.profile in assert.h,ctype.h,stdio.h,stdlib.h,math.h,time.h,stdint.h,sys/types.h,magick/MagickCore.h... -------------------- yes

"gcc -I. -I/System/Library/Frameworks/Ruby.framework/Versions/1.8/usr/lib/ruby/1.8/universal-darwin9.0 -I.  -I/usr/local/include  -I/usr/local/include    -c conftest.c"
checked program was:
/* begin */
 1: #include <assert.h>
 2: #include <ctype.h>
 3: #include <stdio.h>
 4: #include <stdlib.h>
 5: #include <math.h>
 6: #include <time.h>
 7: #include <stdint.h>
 8: #include <sys/types.h>
 9: #include <magick/MagickCore.h>
10: 
11: /*top*/
12: int main() { return 0; }
13: int s = (char *)&((ImageInfo*)0)->profile - (char *)0;
/* end */

--------------------

have_struct_member: checking for Image.tile_offset in assert.h,ctype.h,stdio.h,stdlib.h,math.h,time.h,stdint.h,sys/types.h,magick/MagickCore.h... -------------------- yes

"gcc -I. -I/System/Library/Frameworks/Ruby.framework/Versions/1.8/usr/lib/ruby/1.8/universal-darwin9.0 -I.  -I/usr/local/include  -I/usr/local/include    -c conftest.c"
checked program was:
/* begin */
 1: #include <assert.h>
 2: #include <ctype.h>
 3: #include <stdio.h>
 4: #include <stdlib.h>
 5: #include <math.h>
 6: #include <time.h>
 7: #include <stdint.h>
 8: #include <sys/types.h>
 9: #include <magick/MagickCore.h>
10: 
11: /*top*/
12: int main() { return 0; }
13: int s = (char *)&((Image*)0)->tile_offset - (char *)0;
/* end */

--------------------

have_struct_member: checking for Image.type in assert.h,ctype.h,stdio.h,stdlib.h,math.h,time.h,stdint.h,sys/types.h,magick/MagickCore.h... -------------------- no

"gcc -I. -I/System/Library/Frameworks/Ruby.framework/Versions/1.8/usr/lib/ruby/1.8/universal-darwin9.0 -I.  -I/usr/local/include  -I/usr/local/include    -c conftest.c"
conftest.c:13: error: ‘struct _Image’ has no member named ‘type’
checked program was:
/* begin */
 1: #include <assert.h>
 2: #include <ctype.h>
 3: #include <stdio.h>
 4: #include <stdlib.h>
 5: #include <math.h>
 6: #include <time.h>
 7: #include <stdint.h>
 8: #include <sys/types.h>
 9: #include <magick/MagickCore.h>
10: 
11: /*top*/
12: int main() { return 0; }
13: int s = (char *)&((Image*)0)->type - (char *)0;
/* end */

--------------------

have_struct_member: checking for DrawInfo.kerning in assert.h,ctype.h,stdio.h,stdlib.h,math.h,time.h,stdint.h,sys/types.h,magick/MagickCore.h... -------------------- no

"gcc -I. -I/System/Library/Frameworks/Ruby.framework/Versions/1.8/usr/lib/ruby/1.8/universal-darwin9.0 -I.  -I/usr/local/include  -I/usr/local/include    -c conftest.c"
conftest.c:13: error: ‘struct _DrawInfo’ has no member named ‘kerning’
checked program was:
/* begin */
 1: #include <assert.h>
 2: #include <ctype.h>
 3: #include <stdio.h>
 4: #include <stdlib.h>
 5: #include <math.h>
 6: #include <time.h>
 7: #include <stdint.h>
 8: #include <sys/types.h>
 9: #include <magick/MagickCore.h>
10: 
11: /*top*/
12: int main() { return 0; }
13: int s = (char *)&((DrawInfo*)0)->kerning - (char *)0;
/* end */

--------------------

have_struct_member: checking for DrawInfo.interword_spacing in assert.h,ctype.h,stdio.h,stdlib.h,math.h,time.h,stdint.h,sys/types.h,magick/MagickCore.h... -------------------- no

"gcc -I. -I/System/Library/Frameworks/Ruby.framework/Versions/1.8/usr/lib/ruby/1.8/universal-darwin9.0 -I.  -I/usr/local/include  -I/usr/local/include    -c conftest.c"
conftest.c:13: error: ‘struct _DrawInfo’ has no member named ‘interword_spacing’
checked program was:
/* begin */
 1: #include <assert.h>
 2: #include <ctype.h>
 3: #include <stdio.h>
 4: #include <stdlib.h>
 5: #include <math.h>
 6: #include <time.h>
 7: #include <stdint.h>
 8: #include <sys/types.h>
 9: #include <magick/MagickCore.h>
10: 
11: /*top*/
12: int main() { return 0; }
13: int s = (char *)&((DrawInfo*)0)->interword_spacing - (char *)0;
/* end */

--------------------

have_type: checking for AlphaChannelType in assert.h,ctype.h,stdio.h,stdlib.h,math.h,time.h,stdint.h,sys/types.h,magick/MagickCore.h... -------------------- yes

"gcc -I. -I/System/Library/Frameworks/Ruby.framework/Versions/1.8/usr/lib/ruby/1.8/universal-darwin9.0 -I.  -I/usr/local/include  -I/usr/local/include    -c conftest.c"
checked program was:
/* begin */
 1: #include <assert.h>
 2: #include <ctype.h>
 3: #include <stdio.h>
 4: #include <stdlib.h>
 5: #include <math.h>
 6: #include <time.h>
 7: #include <stdint.h>
 8: #include <sys/types.h>
 9: #include <magick/MagickCore.h>
10: 
11: /*top*/
12: typedef AlphaChannelType conftest_type;
13: static conftest_type conftestval[sizeof(conftest_type)?1:-1];
/* end */

--------------------

have_type: checking for DitherMethod in assert.h,ctype.h,stdio.h,stdlib.h,math.h,time.h,stdint.h,sys/types.h,magick/MagickCore.h... -------------------- no

"gcc -I. -I/System/Library/Frameworks/Ruby.framework/Versions/1.8/usr/lib/ruby/1.8/universal-darwin9.0 -I.  -I/usr/local/include  -I/usr/local/include    -c conftest.c"
conftest.c:12: error: syntax error before ‘conftest_type’
conftest.c:12: warning: data definition has no type or storage class
conftest.c:13: error: syntax error before ‘conftestval’
conftest.c:13: warning: data definition has no type or storage class
checked program was:
/* begin */
 1: #include <assert.h>
 2: #include <ctype.h>
 3: #include <stdio.h>
 4: #include <stdlib.h>
 5: #include <math.h>
 6: #include <time.h>
 7: #include <stdint.h>
 8: #include <sys/types.h>
 9: #include <magick/MagickCore.h>
10: 
11: /*top*/
12: typedef DitherMethod conftest_type;
13: static conftest_type conftestval[sizeof(conftest_type)?1:-1];
/* end */

--------------------

have_type: checking for ImageLayerMethod in assert.h,ctype.h,stdio.h,stdlib.h,math.h,time.h,stdint.h,sys/types.h,magick/MagickCore.h... -------------------- yes

"gcc -I. -I/System/Library/Frameworks/Ruby.framework/Versions/1.8/usr/lib/ruby/1.8/universal-darwin9.0 -I.  -I/usr/local/include  -I/usr/local/include    -c conftest.c"
checked program was:
/* begin */
 1: #include <assert.h>
 2: #include <ctype.h>
 3: #include <stdio.h>
 4: #include <stdlib.h>
 5: #include <math.h>
 6: #include <time.h>
 7: #include <stdint.h>
 8: #include <sys/types.h>
 9: #include <magick/MagickCore.h>
10: 
11: /*top*/
12: typedef ImageLayerMethod conftest_type;
13: static conftest_type conftestval[sizeof(conftest_type)?1:-1];
/* end */

--------------------

have_type: checking for SpreadMethod in assert.h,ctype.h,stdio.h,stdlib.h,math.h,time.h,stdint.h,sys/types.h,magick/MagickCore.h... -------------------- yes

"gcc -I. -I/System/Library/Frameworks/Ruby.framework/Versions/1.8/usr/lib/ruby/1.8/universal-darwin9.0 -I.  -I/usr/local/include  -I/usr/local/include    -c conftest.c"
checked program was:
/* begin */
 1: #include <assert.h>
 2: #include <ctype.h>
 3: #include <stdio.h>
 4: #include <stdlib.h>
 5: #include <math.h>
 6: #include <time.h>
 7: #include <stdint.h>
 8: #include <sys/types.h>
 9: #include <magick/MagickCore.h>
10: 
11: /*top*/
12: typedef SpreadMethod conftest_type;
13: static conftest_type conftestval[sizeof(conftest_type)?1:-1];
/* end */

--------------------

have_type: checking for long double in assert.h,ctype.h,stdio.h,stdlib.h,math.h,time.h,stdint.h,sys/types.h,magick/MagickCore.h... -------------------- yes

"gcc -I. -I/System/Library/Frameworks/Ruby.framework/Versions/1.8/usr/lib/ruby/1.8/universal-darwin9.0 -I.  -I/usr/local/include  -I/usr/local/include    -c conftest.c"
checked program was:
/* begin */
 1: #include <assert.h>
 2: #include <ctype.h>
 3: #include <stdio.h>
 4: #include <stdlib.h>
 5: #include <math.h>
 6: #include <time.h>
 7: #include <stdint.h>
 8: #include <sys/types.h>
 9: #include <magick/MagickCore.h>
10: 
11: /*top*/
12: typedef long double conftest_type;
13: static conftest_type conftestval[sizeof(conftest_type)?1:-1];
/* end */

--------------------

have_enum_value: checking for AlphaChannelType.CopyAlphaChannel... -------------------- no

"gcc -I. -I/System/Library/Frameworks/Ruby.framework/Versions/1.8/usr/lib/ruby/1.8/universal-darwin9.0 -I.  -I/usr/local/include  -I/usr/local/include    -c conftest.c"
conftest.c: In function ‘main’:
conftest.c:12: error: ‘CopyAlphaChannel’ undeclared (first use in this function)
conftest.c:12: error: (Each undeclared identifier is reported only once
conftest.c:12: error: for each function it appears in.)
checked program was:
/* begin */
 1: #include <assert.h>
 2: #include <ctype.h>
 3: #include <stdio.h>
 4: #include <stdlib.h>
 5: #include <math.h>
 6: #include <time.h>
 7: #include <stdint.h>
 8: #include <sys/types.h>
 9: #include <magick/MagickCore.h>
10: 
11: /*top*/
12: int main() { AlphaChannelType t = CopyAlphaChannel; t = t; return 0; }
/* end */

--------------------

have_enum_value: checking for ColorspaceType.CMYColorspace... -------------------- yes

"gcc -I. -I/System/Library/Frameworks/Ruby.framework/Versions/1.8/usr/lib/ruby/1.8/universal-darwin9.0 -I.  -I/usr/local/include  -I/usr/local/include    -c conftest.c"
checked program was:
/* begin */
 1: #include <assert.h>
 2: #include <ctype.h>
 3: #include <stdio.h>
 4: #include <stdlib.h>
 5: #include <math.h>
 6: #include <time.h>
 7: #include <stdint.h>
 8: #include <sys/types.h>
 9: #include <magick/MagickCore.h>
10: 
11: /*top*/
12: int main() { ColorspaceType t = CMYColorspace; t = t; return 0; }
/* end */

--------------------

have_enum_value: checking for CompositeOperator.ChangeMaskCompositeOp... -------------------- yes

"gcc -I. -I/System/Library/Frameworks/Ruby.framework/Versions/1.8/usr/lib/ruby/1.8/universal-darwin9.0 -I.  -I/usr/local/include  -I/usr/local/include    -c conftest.c"
checked program was:
/* begin */
 1: #include <assert.h>
 2: #include <ctype.h>
 3: #include <stdio.h>
 4: #include <stdlib.h>
 5: #include <math.h>
 6: #include <time.h>
 7: #include <stdint.h>
 8: #include <sys/types.h>
 9: #include <magick/MagickCore.h>
10: 
11: /*top*/
12: int main() { CompositeOperator t = ChangeMaskCompositeOp; t = t; return 0; }
/* end */

--------------------

have_enum_value: checking for CompositeOperator.LinearLightCompositeOp... -------------------- yes

"gcc -I. -I/System/Library/Frameworks/Ruby.framework/Versions/1.8/usr/lib/ruby/1.8/universal-darwin9.0 -I.  -I/usr/local/include  -I/usr/local/include    -c conftest.c"
checked program was:
/* begin */
 1: #include <assert.h>
 2: #include <ctype.h>
 3: #include <stdio.h>
 4: #include <stdlib.h>
 5: #include <math.h>
 6: #include <time.h>
 7: #include <stdint.h>
 8: #include <sys/types.h>
 9: #include <magick/MagickCore.h>
10: 
11: /*top*/
12: int main() { CompositeOperator t = LinearLightCompositeOp; t = t; return 0; }
/* end */

--------------------

have_enum_value: checking for CompositeOperator.DivideCompositeOp... -------------------- yes

"gcc -I. -I/System/Library/Frameworks/Ruby.framework/Versions/1.8/usr/lib/ruby/1.8/universal-darwin9.0 -I.  -I/usr/local/include  -I/usr/local/include    -c conftest.c"
checked program was:
/* begin */
 1: #include <assert.h>
 2: #include <ctype.h>
 3: #include <stdio.h>
 4: #include <stdlib.h>
 5: #include <math.h>
 6: #include <time.h>
 7: #include <stdint.h>
 8: #include <sys/types.h>
 9: #include <magick/MagickCore.h>
10: 
11: /*top*/
12: int main() { CompositeOperator t = DivideCompositeOp; t = t; return 0; }
/* end */

--------------------

have_enum_value: checking for CompressionType.DXT1Compression... -------------------- no

"gcc -I. -I/System/Library/Frameworks/Ruby.framework/Versions/1.8/usr/lib/ruby/1.8/universal-darwin9.0 -I.  -I/usr/local/include  -I/usr/local/include    -c conftest.c"
conftest.c: In function ‘main’:
conftest.c:12: error: ‘DXT1Compression’ undeclared (first use in this function)
conftest.c:12: error: (Each undeclared identifier is reported only once
conftest.c:12: error: for each function it appears in.)
checked program was:
/* begin */
 1: #include <assert.h>
 2: #include <ctype.h>
 3: #include <stdio.h>
 4: #include <stdlib.h>
 5: #include <math.h>
 6: #include <time.h>
 7: #include <stdint.h>
 8: #include <sys/types.h>
 9: #include <magick/MagickCore.h>
10: 
11: /*top*/
12: int main() { CompressionType t = DXT1Compression; t = t; return 0; }
/* end */

--------------------

have_enum_value: checking for CompressionType.DXT3Compression... -------------------- no

"gcc -I. -I/System/Library/Frameworks/Ruby.framework/Versions/1.8/usr/lib/ruby/1.8/universal-darwin9.0 -I.  -I/usr/local/include  -I/usr/local/include    -c conftest.c"
conftest.c: In function ‘main’:
conftest.c:12: error: ‘DXT3Compression’ undeclared (first use in this function)
conftest.c:12: error: (Each undeclared identifier is reported only once
conftest.c:12: error: for each function it appears in.)
checked program was:
/* begin */
 1: #include <assert.h>
 2: #include <ctype.h>
 3: #include <stdio.h>
 4: #include <stdlib.h>
 5: #include <math.h>
 6: #include <time.h>
 7: #include <stdint.h>
 8: #include <sys/types.h>
 9: #include <magick/MagickCore.h>
10: 
11: /*top*/
12: int main() { CompressionType t = DXT3Compression; t = t; return 0; }
/* end */

--------------------

have_enum_value: checking for CompressionType.DXT5Compression... -------------------- no

"gcc -I. -I/System/Library/Frameworks/Ruby.framework/Versions/1.8/usr/lib/ruby/1.8/universal-darwin9.0 -I.  -I/usr/local/include  -I/usr/local/include    -c conftest.c"
conftest.c: In function ‘main’:
conftest.c:12: error: ‘DXT5Compression’ undeclared (first use in this function)
conftest.c:12: error: (Each undeclared identifier is reported only once
conftest.c:12: error: for each function it appears in.)
checked program was:
/* begin */
 1: #include <assert.h>
 2: #include <ctype.h>
 3: #include <stdio.h>
 4: #include <stdlib.h>
 5: #include <math.h>
 6: #include <time.h>
 7: #include <stdint.h>
 8: #include <sys/types.h>
 9: #include <magick/MagickCore.h>
10: 
11: /*top*/
12: int main() { CompressionType t = DXT5Compression; t = t; return 0; }
/* end */

--------------------

have_enum_value: checking for DistortImageMethod.ArcDistortion... -------------------- yes

"gcc -I. -I/System/Library/Frameworks/Ruby.framework/Versions/1.8/usr/lib/ruby/1.8/universal-darwin9.0 -I.  -I/usr/local/include  -I/usr/local/include    -c conftest.c"
checked program was:
/* begin */
 1: #include <assert.h>
 2: #include <ctype.h>
 3: #include <stdio.h>
 4: #include <stdlib.h>
 5: #include <math.h>
 6: #include <time.h>
 7: #include <stdint.h>
 8: #include <sys/types.h>
 9: #include <magick/MagickCore.h>
10: 
11: /*top*/
12: int main() { DistortImageMethod t = ArcDistortion; t = t; return 0; }
/* end */

--------------------

have_enum_value: checking for DistortImageMethod.BarrelDistortion... -------------------- no

"gcc -I. -I/System/Library/Frameworks/Ruby.framework/Versions/1.8/usr/lib/ruby/1.8/universal-darwin9.0 -I.  -I/usr/local/include  -I/usr/local/include    -c conftest.c"
conftest.c: In function ‘main’:
conftest.c:12: error: ‘BarrelDistortion’ undeclared (first use in this function)
conftest.c:12: error: (Each undeclared identifier is reported only once
conftest.c:12: error: for each function it appears in.)
checked program was:
/* begin */
 1: #include <assert.h>
 2: #include <ctype.h>
 3: #include <stdio.h>
 4: #include <stdlib.h>
 5: #include <math.h>
 6: #include <time.h>
 7: #include <stdint.h>
 8: #include <sys/types.h>
 9: #include <magick/MagickCore.h>
10: 
11: /*top*/
12: int main() { DistortImageMethod t = BarrelDistortion; t = t; return 0; }
/* end */

--------------------

have_enum_value: checking for DistortImageMethod.BarrelInverseDistortion... -------------------- no

"gcc -I. -I/System/Library/Frameworks/Ruby.framework/Versions/1.8/usr/lib/ruby/1.8/universal-darwin9.0 -I.  -I/usr/local/include  -I/usr/local/include    -c conftest.c"
conftest.c: In function ‘main’:
conftest.c:12: error: ‘BarrelInverseDistortion’ undeclared (first use in this function)
conftest.c:12: error: (Each undeclared identifier is reported only once
conftest.c:12: error: for each function it appears in.)
checked program was:
/* begin */
 1: #include <assert.h>
 2: #include <ctype.h>
 3: #include <stdio.h>
 4: #include <stdlib.h>
 5: #include <math.h>
 6: #include <time.h>
 7: #include <stdint.h>
 8: #include <sys/types.h>
 9: #include <magick/MagickCore.h>
10: 
11: /*top*/
12: int main() { DistortImageMethod t = BarrelInverseDistortion; t = t; return 0; }
/* end */

--------------------

have_enum_value: checking for DistortImageMethod.DePolarDistortion... -------------------- no

"gcc -I. -I/System/Library/Frameworks/Ruby.framework/Versions/1.8/usr/lib/ruby/1.8/universal-darwin9.0 -I.  -I/usr/local/include  -I/usr/local/include    -c conftest.c"
conftest.c: In function ‘main’:
conftest.c:12: error: ‘DePolarDistortion’ undeclared (first use in this function)
conftest.c:12: error: (Each undeclared identifier is reported only once
conftest.c:12: error: for each function it appears in.)
checked program was:
/* begin */
 1: #include <assert.h>
 2: #include <ctype.h>
 3: #include <stdio.h>
 4: #include <stdlib.h>
 5: #include <math.h>
 6: #include <time.h>
 7: #include <stdint.h>
 8: #include <sys/types.h>
 9: #include <magick/MagickCore.h>
10: 
11: /*top*/
12: int main() { DistortImageMethod t = DePolarDistortion; t = t; return 0; }
/* end */

--------------------

have_enum_value: checking for DistortImageMethod.PerspectiveProjectionDistortion... -------------------- yes

"gcc -I. -I/System/Library/Frameworks/Ruby.framework/Versions/1.8/usr/lib/ruby/1.8/universal-darwin9.0 -I.  -I/usr/local/include  -I/usr/local/include    -c conftest.c"
checked program was:
/* begin */
 1: #include <assert.h>
 2: #include <ctype.h>
 3: #include <stdio.h>
 4: #include <stdlib.h>
 5: #include <math.h>
 6: #include <time.h>
 7: #include <stdint.h>
 8: #include <sys/types.h>
 9: #include <magick/MagickCore.h>
10: 
11: /*top*/
12: int main() { DistortImageMethod t = PerspectiveProjectionDistortion; t = t; return 0; }
/* end */

--------------------

have_enum_value: checking for DistortImageMethod.PolarDistortion... -------------------- no

"gcc -I. -I/System/Library/Frameworks/Ruby.framework/Versions/1.8/usr/lib/ruby/1.8/universal-darwin9.0 -I.  -I/usr/local/include  -I/usr/local/include    -c conftest.c"
conftest.c: In function ‘main’:
conftest.c:12: error: ‘PolarDistortion’ undeclared (first use in this function)
conftest.c:12: error: (Each undeclared identifier is reported only once
conftest.c:12: error: for each function it appears in.)
checked program was:
/* begin */
 1: #include <assert.h>
 2: #include <ctype.h>
 3: #include <stdio.h>
 4: #include <stdlib.h>
 5: #include <math.h>
 6: #include <time.h>
 7: #include <stdint.h>
 8: #include <sys/types.h>
 9: #include <magick/MagickCore.h>
10: 
11: /*top*/
12: int main() { DistortImageMethod t = PolarDistortion; t = t; return 0; }
/* end */

--------------------

have_enum_value: checking for DistortImageMethod.PolynomialDistortion... -------------------- no

"gcc -I. -I/System/Library/Frameworks/Ruby.framework/Versions/1.8/usr/lib/ruby/1.8/universal-darwin9.0 -I.  -I/usr/local/include  -I/usr/local/include    -c conftest.c"
conftest.c: In function ‘main’:
conftest.c:12: error: ‘PolynomialDistortion’ undeclared (first use in this function)
conftest.c:12: error: (Each undeclared identifier is reported only once
conftest.c:12: error: for each function it appears in.)
checked program was:
/* begin */
 1: #include <assert.h>
 2: #include <ctype.h>
 3: #include <stdio.h>
 4: #include <stdlib.h>
 5: #include <math.h>
 6: #include <time.h>
 7: #include <stdint.h>
 8: #include <sys/types.h>
 9: #include <magick/MagickCore.h>
10: 
11: /*top*/
12: int main() { DistortImageMethod t = PolynomialDistortion; t = t; return 0; }
/* end */

--------------------

have_enum_value: checking for DistortImageMethod.ShepardsDistortion... -------------------- no

"gcc -I. -I/System/Library/Frameworks/Ruby.framework/Versions/1.8/usr/lib/ruby/1.8/universal-darwin9.0 -I.  -I/usr/local/include  -I/usr/local/include    -c conftest.c"
conftest.c: In function ‘main’:
conftest.c:12: error: ‘ShepardsDistortion’ undeclared (first use in this function)
conftest.c:12: error: (Each undeclared identifier is reported only once
conftest.c:12: error: for each function it appears in.)
checked program was:
/* begin */
 1: #include <assert.h>
 2: #include <ctype.h>
 3: #include <stdio.h>
 4: #include <stdlib.h>
 5: #include <math.h>
 6: #include <time.h>
 7: #include <stdint.h>
 8: #include <sys/types.h>
 9: #include <magick/MagickCore.h>
10: 
11: /*top*/
12: int main() { DistortImageMethod t = ShepardsDistortion; t = t; return 0; }
/* end */

--------------------

have_enum_value: checking for DitherMethod.NoDitherMethod... -------------------- no

"gcc -I. -I/System/Library/Frameworks/Ruby.framework/Versions/1.8/usr/lib/ruby/1.8/universal-darwin9.0 -I.  -I/usr/local/include  -I/usr/local/include    -c conftest.c"
conftest.c: In function ‘main’:
conftest.c:12: error: ‘DitherMethod’ undeclared (first use in this function)
conftest.c:12: error: (Each undeclared identifier is reported only once
conftest.c:12: error: for each function it appears in.)
conftest.c:12: error: syntax error before ‘t’
conftest.c:12: error: ‘t’ undeclared (first use in this function)
checked program was:
/* begin */
 1: #include <assert.h>
 2: #include <ctype.h>
 3: #include <stdio.h>
 4: #include <stdlib.h>
 5: #include <math.h>
 6: #include <time.h>
 7: #include <stdint.h>
 8: #include <sys/types.h>
 9: #include <magick/MagickCore.h>
10: 
11: /*top*/
12: int main() { DitherMethod t = NoDitherMethod; t = t; return 0; }
/* end */

--------------------

have_enum_value: checking for FilterTypes.KaiserFilter... -------------------- yes

"gcc -I. -I/System/Library/Frameworks/Ruby.framework/Versions/1.8/usr/lib/ruby/1.8/universal-darwin9.0 -I.  -I/usr/local/include  -I/usr/local/include    -c conftest.c"
checked program was:
/* begin */
 1: #include <assert.h>
 2: #include <ctype.h>
 3: #include <stdio.h>
 4: #include <stdlib.h>
 5: #include <math.h>
 6: #include <time.h>
 7: #include <stdint.h>
 8: #include <sys/types.h>
 9: #include <magick/MagickCore.h>
10: 
11: /*top*/
12: int main() { FilterTypes t = KaiserFilter; t = t; return 0; }
/* end */

--------------------

have_enum_value: checking for FilterTypes.WelshFilter... -------------------- yes

"gcc -I. -I/System/Library/Frameworks/Ruby.framework/Versions/1.8/usr/lib/ruby/1.8/universal-darwin9.0 -I.  -I/usr/local/include  -I/usr/local/include    -c conftest.c"
checked program was:
/* begin */
 1: #include <assert.h>
 2: #include <ctype.h>
 3: #include <stdio.h>
 4: #include <stdlib.h>
 5: #include <math.h>
 6: #include <time.h>
 7: #include <stdint.h>
 8: #include <sys/types.h>
 9: #include <magick/MagickCore.h>
10: 
11: /*top*/
12: int main() { FilterTypes t = WelshFilter; t = t; return 0; }
/* end */

--------------------

have_enum_value: checking for FilterTypes.ParzenFilter... -------------------- yes

"gcc -I. -I/System/Library/Frameworks/Ruby.framework/Versions/1.8/usr/lib/ruby/1.8/universal-darwin9.0 -I.  -I/usr/local/include  -I/usr/local/include    -c conftest.c"
checked program was:
/* begin */
 1: #include <assert.h>
 2: #include <ctype.h>
 3: #include <stdio.h>
 4: #include <stdlib.h>
 5: #include <math.h>
 6: #include <time.h>
 7: #include <stdint.h>
 8: #include <sys/types.h>
 9: #include <magick/MagickCore.h>
10: 
11: /*top*/
12: int main() { FilterTypes t = ParzenFilter; t = t; return 0; }
/* end */

--------------------

have_enum_value: checking for FilterTypes.LagrangeFilter... -------------------- yes

"gcc -I. -I/System/Library/Frameworks/Ruby.framework/Versions/1.8/usr/lib/ruby/1.8/universal-darwin9.0 -I.  -I/usr/local/include  -I/usr/local/include    -c conftest.c"
checked program was:
/* begin */
 1: #include <assert.h>
 2: #include <ctype.h>
 3: #include <stdio.h>
 4: #include <stdlib.h>
 5: #include <math.h>
 6: #include <time.h>
 7: #include <stdint.h>
 8: #include <sys/types.h>
 9: #include <magick/MagickCore.h>
10: 
11: /*top*/
12: int main() { FilterTypes t = LagrangeFilter; t = t; return 0; }
/* end */

--------------------

have_enum_value: checking for FilterTypes.BohmanFilter... -------------------- yes

"gcc -I. -I/System/Library/Frameworks/Ruby.framework/Versions/1.8/usr/lib/ruby/1.8/universal-darwin9.0 -I.  -I/usr/local/include  -I/usr/local/include    -c conftest.c"
checked program was:
/* begin */
 1: #include <assert.h>
 2: #include <ctype.h>
 3: #include <stdio.h>
 4: #include <stdlib.h>
 5: #include <math.h>
 6: #include <time.h>
 7: #include <stdint.h>
 8: #include <sys/types.h>
 9: #include <magick/MagickCore.h>
10: 
11: /*top*/
12: int main() { FilterTypes t = BohmanFilter; t = t; return 0; }
/* end */

--------------------

have_enum_value: checking for FilterTypes.BartlettFilter... -------------------- yes

"gcc -I. -I/System/Library/Frameworks/Ruby.framework/Versions/1.8/usr/lib/ruby/1.8/universal-darwin9.0 -I.  -I/usr/local/include  -I/usr/local/include    -c conftest.c"
checked program was:
/* begin */
 1: #include <assert.h>
 2: #include <ctype.h>
 3: #include <stdio.h>
 4: #include <stdlib.h>
 5: #include <math.h>
 6: #include <time.h>
 7: #include <stdint.h>
 8: #include <sys/types.h>
 9: #include <magick/MagickCore.h>
10: 
11: /*top*/
12: int main() { FilterTypes t = BartlettFilter; t = t; return 0; }
/* end */

--------------------

have_enum_value: checking for FilterTypes.SentinelFilter... -------------------- yes

"gcc -I. -I/System/Library/Frameworks/Ruby.framework/Versions/1.8/usr/lib/ruby/1.8/universal-darwin9.0 -I.  -I/usr/local/include  -I/usr/local/include    -c conftest.c"
checked program was:
/* begin */
 1: #include <assert.h>
 2: #include <ctype.h>
 3: #include <stdio.h>
 4: #include <stdlib.h>
 5: #include <math.h>
 6: #include <time.h>
 7: #include <stdint.h>
 8: #include <sys/types.h>
 9: #include <magick/MagickCore.h>
10: 
11: /*top*/
12: int main() { FilterTypes t = SentinelFilter; t = t; return 0; }
/* end */

--------------------

have_enum_value: checking for InterpolatePixelMethod.SplineInterpolatePixel... -------------------- yes

"gcc -I. -I/System/Library/Frameworks/Ruby.framework/Versions/1.8/usr/lib/ruby/1.8/universal-darwin9.0 -I.  -I/usr/local/include  -I/usr/local/include    -c conftest.c"
checked program was:
/* begin */
 1: #include <assert.h>
 2: #include <ctype.h>
 3: #include <stdio.h>
 4: #include <stdlib.h>
 5: #include <math.h>
 6: #include <time.h>
 7: #include <stdint.h>
 8: #include <sys/types.h>
 9: #include <magick/MagickCore.h>
10: 
11: /*top*/
12: int main() { InterpolatePixelMethod t = SplineInterpolatePixel; t = t; return 0; }
/* end */

--------------------

have_enum_value: checking for InterlaceType.GIFInterlace... -------------------- yes

"gcc -I. -I/System/Library/Frameworks/Ruby.framework/Versions/1.8/usr/lib/ruby/1.8/universal-darwin9.0 -I.  -I/usr/local/include  -I/usr/local/include    -c conftest.c"
checked program was:
/* begin */
 1: #include <assert.h>
 2: #include <ctype.h>
 3: #include <stdio.h>
 4: #include <stdlib.h>
 5: #include <math.h>
 6: #include <time.h>
 7: #include <stdint.h>
 8: #include <sys/types.h>
 9: #include <magick/MagickCore.h>
10: 
11: /*top*/
12: int main() { InterlaceType t = GIFInterlace; t = t; return 0; }
/* end */

--------------------

have_enum_value: checking for InterlaceType.JPEGInterlace... -------------------- yes

"gcc -I. -I/System/Library/Frameworks/Ruby.framework/Versions/1.8/usr/lib/ruby/1.8/universal-darwin9.0 -I.  -I/usr/local/include  -I/usr/local/include    -c conftest.c"
checked program was:
/* begin */
 1: #include <assert.h>
 2: #include <ctype.h>
 3: #include <stdio.h>
 4: #include <stdlib.h>
 5: #include <math.h>
 6: #include <time.h>
 7: #include <stdint.h>
 8: #include <sys/types.h>
 9: #include <magick/MagickCore.h>
10: 
11: /*top*/
12: int main() { InterlaceType t = JPEGInterlace; t = t; return 0; }
/* end */

--------------------

have_enum_value: checking for InterlaceType.PNGInterlace... -------------------- yes

"gcc -I. -I/System/Library/Frameworks/Ruby.framework/Versions/1.8/usr/lib/ruby/1.8/universal-darwin9.0 -I.  -I/usr/local/include  -I/usr/local/include    -c conftest.c"
checked program was:
/* begin */
 1: #include <assert.h>
 2: #include <ctype.h>
 3: #include <stdio.h>
 4: #include <stdlib.h>
 5: #include <math.h>
 6: #include <time.h>
 7: #include <stdint.h>
 8: #include <sys/types.h>
 9: #include <magick/MagickCore.h>
10: 
11: /*top*/
12: int main() { InterlaceType t = PNGInterlace; t = t; return 0; }
/* end */

--------------------

have_enum_value: checking for MagickEvaluateOperator.PowEvaluateOperator... -------------------- no

"gcc -I. -I/System/Library/Frameworks/Ruby.framework/Versions/1.8/usr/lib/ruby/1.8/universal-darwin9.0 -I.  -I/usr/local/include  -I/usr/local/include    -c conftest.c"
conftest.c: In function ‘main’:
conftest.c:12: error: ‘PowEvaluateOperator’ undeclared (first use in this function)
conftest.c:12: error: (Each undeclared identifier is reported only once
conftest.c:12: error: for each function it appears in.)
checked program was:
/* begin */
 1: #include <assert.h>
 2: #include <ctype.h>
 3: #include <stdio.h>
 4: #include <stdlib.h>
 5: #include <math.h>
 6: #include <time.h>
 7: #include <stdint.h>
 8: #include <sys/types.h>
 9: #include <magick/MagickCore.h>
10: 
11: /*top*/
12: int main() { MagickEvaluateOperator t = PowEvaluateOperator; t = t; return 0; }
/* end */

--------------------

have_enum_value: checking for MagickEvaluateOperator.LogEvaluateOperator... -------------------- no

"gcc -I. -I/System/Library/Frameworks/Ruby.framework/Versions/1.8/usr/lib/ruby/1.8/universal-darwin9.0 -I.  -I/usr/local/include  -I/usr/local/include    -c conftest.c"
conftest.c: In function ‘main’:
conftest.c:12: error: ‘LogEvaluateOperator’ undeclared (first use in this function)
conftest.c:12: error: (Each undeclared identifier is reported only once
conftest.c:12: error: for each function it appears in.)
checked program was:
/* begin */
 1: #include <assert.h>
 2: #include <ctype.h>
 3: #include <stdio.h>
 4: #include <stdlib.h>
 5: #include <math.h>
 6: #include <time.h>
 7: #include <stdint.h>
 8: #include <sys/types.h>
 9: #include <magick/MagickCore.h>
10: 
11: /*top*/
12: int main() { MagickEvaluateOperator t = LogEvaluateOperator; t = t; return 0; }
/* end */

--------------------

have_enum_value: checking for MagickEvaluateOperator.ThresholdEvaluateOperator... -------------------- no

"gcc -I. -I/System/Library/Frameworks/Ruby.framework/Versions/1.8/usr/lib/ruby/1.8/universal-darwin9.0 -I.  -I/usr/local/include  -I/usr/local/include    -c conftest.c"
conftest.c: In function ‘main’:
conftest.c:12: error: ‘ThresholdEvaluateOperator’ undeclared (first use in this function)
conftest.c:12: error: (Each undeclared identifier is reported only once
conftest.c:12: error: for each function it appears in.)
checked program was:
/* begin */
 1: #include <assert.h>
 2: #include <ctype.h>
 3: #include <stdio.h>
 4: #include <stdlib.h>
 5: #include <math.h>
 6: #include <time.h>
 7: #include <stdint.h>
 8: #include <sys/types.h>
 9: #include <magick/MagickCore.h>
10: 
11: /*top*/
12: int main() { MagickEvaluateOperator t = ThresholdEvaluateOperator; t = t; return 0; }
/* end */

--------------------

have_enum_value: checking for MagickEvaluateOperator.ThresholdBlackEvaluateOperator... -------------------- no

"gcc -I. -I/System/Library/Frameworks/Ruby.framework/Versions/1.8/usr/lib/ruby/1.8/universal-darwin9.0 -I.  -I/usr/local/include  -I/usr/local/include    -c conftest.c"
conftest.c: In function ‘main’:
conftest.c:12: error: ‘ThresholdBlackEvaluateOperator’ undeclared (first use in this function)
conftest.c:12: error: (Each undeclared identifier is reported only once
conftest.c:12: error: for each function it appears in.)
checked program was:
/* begin */
 1: #include <assert.h>
 2: #include <ctype.h>
 3: #include <stdio.h>
 4: #include <stdlib.h>
 5: #include <math.h>
 6: #include <time.h>
 7: #include <stdint.h>
 8: #include <sys/types.h>
 9: #include <magick/MagickCore.h>
10: 
11: /*top*/
12: int main() { MagickEvaluateOperator t = ThresholdBlackEvaluateOperator; t = t; return 0; }
/* end */

--------------------

have_enum_value: checking for MagickEvaluateOperator.ThresholdWhiteEvaluateOperator... -------------------- no

"gcc -I. -I/System/Library/Frameworks/Ruby.framework/Versions/1.8/usr/lib/ruby/1.8/universal-darwin9.0 -I.  -I/usr/local/include  -I/usr/local/include    -c conftest.c"
conftest.c: In function ‘main’:
conftest.c:12: error: ‘ThresholdWhiteEvaluateOperator’ undeclared (first use in this function)
conftest.c:12: error: (Each undeclared identifier is reported only once
conftest.c:12: error: for each function it appears in.)
checked program was:
/* begin */
 1: #include <assert.h>
 2: #include <ctype.h>
 3: #include <stdio.h>
 4: #include <stdlib.h>
 5: #include <math.h>
 6: #include <time.h>
 7: #include <stdint.h>
 8: #include <sys/types.h>
 9: #include <magick/MagickCore.h>
10: 
11: /*top*/
12: int main() { MagickEvaluateOperator t = ThresholdWhiteEvaluateOperator; t = t; return 0; }
/* end */

--------------------

have_enum_value: checking for MagickEvaluateOperator.GaussianNoiseEvaluateOperator... -------------------- no

"gcc -I. -I/System/Library/Frameworks/Ruby.framework/Versions/1.8/usr/lib/ruby/1.8/universal-darwin9.0 -I.  -I/usr/local/include  -I/usr/local/include    -c conftest.c"
conftest.c: In function ‘main’:
conftest.c:12: error: ‘GaussianNoiseEvaluateOperator’ undeclared (first use in this function)
conftest.c:12: error: (Each undeclared identifier is reported only once
conftest.c:12: error: for each function it appears in.)
checked program was:
/* begin */
 1: #include <assert.h>
 2: #include <ctype.h>
 3: #include <stdio.h>
 4: #include <stdlib.h>
 5: #include <math.h>
 6: #include <time.h>
 7: #include <stdint.h>
 8: #include <sys/types.h>
 9: #include <magick/MagickCore.h>
10: 
11: /*top*/
12: int main() { MagickEvaluateOperator t = GaussianNoiseEvaluateOperator; t = t; return 0; }
/* end */

--------------------

have_enum_value: checking for MagickEvaluateOperator.ImpulseNoiseEvaluateOperator... -------------------- no

"gcc -I. -I/System/Library/Frameworks/Ruby.framework/Versions/1.8/usr/lib/ruby/1.8/universal-darwin9.0 -I.  -I/usr/local/include  -I/usr/local/include    -c conftest.c"
conftest.c: In function ‘main’:
conftest.c:12: error: ‘ImpulseNoiseEvaluateOperator’ undeclared (first use in this function)
conftest.c:12: error: (Each undeclared identifier is reported only once
conftest.c:12: error: for each function it appears in.)
checked program was:
/* begin */
 1: #include <assert.h>
 2: #include <ctype.h>
 3: #include <stdio.h>
 4: #include <stdlib.h>
 5: #include <math.h>
 6: #include <time.h>
 7: #include <stdint.h>
 8: #include <sys/types.h>
 9: #include <magick/MagickCore.h>
10: 
11: /*top*/
12: int main() { MagickEvaluateOperator t = ImpulseNoiseEvaluateOperator; t = t; return 0; }
/* end */

--------------------

have_enum_value: checking for MagickEvaluateOperator.LaplacianNoiseEvaluateOperator... -------------------- no

"gcc -I. -I/System/Library/Frameworks/Ruby.framework/Versions/1.8/usr/lib/ruby/1.8/universal-darwin9.0 -I.  -I/usr/local/include  -I/usr/local/include    -c conftest.c"
conftest.c: In function ‘main’:
conftest.c:12: error: ‘LaplacianNoiseEvaluateOperator’ undeclared (first use in this function)
conftest.c:12: error: (Each undeclared identifier is reported only once
conftest.c:12: error: for each function it appears in.)
checked program was:
/* begin */
 1: #include <assert.h>
 2: #include <ctype.h>
 3: #include <stdio.h>
 4: #include <stdlib.h>
 5: #include <math.h>
 6: #include <time.h>
 7: #include <stdint.h>
 8: #include <sys/types.h>
 9: #include <magick/MagickCore.h>
10: 
11: /*top*/
12: int main() { MagickEvaluateOperator t = LaplacianNoiseEvaluateOperator; t = t; return 0; }
/* end */

--------------------

have_enum_value: checking for MagickEvaluateOperator.MultiplicativeNoiseEvaluateOperator... -------------------- no

"gcc -I. -I/System/Library/Frameworks/Ruby.framework/Versions/1.8/usr/lib/ruby/1.8/universal-darwin9.0 -I.  -I/usr/local/include  -I/usr/local/include    -c conftest.c"
conftest.c: In function ‘main’:
conftest.c:12: error: ‘MultiplicativeNoiseEvaluateOperator’ undeclared (first use in this function)
conftest.c:12: error: (Each undeclared identifier is reported only once
conftest.c:12: error: for each function it appears in.)
checked program was:
/* begin */
 1: #include <assert.h>
 2: #include <ctype.h>
 3: #include <stdio.h>
 4: #include <stdlib.h>
 5: #include <math.h>
 6: #include <time.h>
 7: #include <stdint.h>
 8: #include <sys/types.h>
 9: #include <magick/MagickCore.h>
10: 
11: /*top*/
12: int main() { MagickEvaluateOperator t = MultiplicativeNoiseEvaluateOperator; t = t; return 0; }
/* end */

--------------------

have_enum_value: checking for MagickEvaluateOperator.PoissonNoiseEvaluateOperator... -------------------- no

"gcc -I. -I/System/Library/Frameworks/Ruby.framework/Versions/1.8/usr/lib/ruby/1.8/universal-darwin9.0 -I.  -I/usr/local/include  -I/usr/local/include    -c conftest.c"
conftest.c: In function ‘main’:
conftest.c:12: error: ‘PoissonNoiseEvaluateOperator’ undeclared (first use in this function)
conftest.c:12: error: (Each undeclared identifier is reported only once
conftest.c:12: error: for each function it appears in.)
checked program was:
/* begin */
 1: #include <assert.h>
 2: #include <ctype.h>
 3: #include <stdio.h>
 4: #include <stdlib.h>
 5: #include <math.h>
 6: #include <time.h>
 7: #include <stdint.h>
 8: #include <sys/types.h>
 9: #include <magick/MagickCore.h>
10: 
11: /*top*/
12: int main() { MagickEvaluateOperator t = PoissonNoiseEvaluateOperator; t = t; return 0; }
/* end */

--------------------

have_enum_value: checking for MagickEvaluateOperator.UniformNoiseEvaluateOperator... -------------------- no

"gcc -I. -I/System/Library/Frameworks/Ruby.framework/Versions/1.8/usr/lib/ruby/1.8/universal-darwin9.0 -I.  -I/usr/local/include  -I/usr/local/include    -c conftest.c"
conftest.c: In function ‘main’:
conftest.c:12: error: ‘UniformNoiseEvaluateOperator’ undeclared (first use in this function)
conftest.c:12: error: (Each undeclared identifier is reported only once
conftest.c:12: error: for each function it appears in.)
checked program was:
/* begin */
 1: #include <assert.h>
 2: #include <ctype.h>
 3: #include <stdio.h>
 4: #include <stdlib.h>
 5: #include <math.h>
 6: #include <time.h>
 7: #include <stdint.h>
 8: #include <sys/types.h>
 9: #include <magick/MagickCore.h>
10: 
11: /*top*/
12: int main() { MagickEvaluateOperator t = UniformNoiseEvaluateOperator; t = t; return 0; }
/* end */

--------------------

have_enum_value: checking for MagickEvaluateOperator.CosineEvaluateOperator... -------------------- no

"gcc -I. -I/System/Library/Frameworks/Ruby.framework/Versions/1.8/usr/lib/ruby/1.8/universal-darwin9.0 -I.  -I/usr/local/include  -I/usr/local/include    -c conftest.c"
conftest.c: In function ‘main’:
conftest.c:12: error: ‘CosineEvaluateOperator’ undeclared (first use in this function)
conftest.c:12: error: (Each undeclared identifier is reported only once
conftest.c:12: error: for each function it appears in.)
checked program was:
/* begin */
 1: #include <assert.h>
 2: #include <ctype.h>
 3: #include <stdio.h>
 4: #include <stdlib.h>
 5: #include <math.h>
 6: #include <time.h>
 7: #include <stdint.h>
 8: #include <sys/types.h>
 9: #include <magick/MagickCore.h>
10: 
11: /*top*/
12: int main() { MagickEvaluateOperator t = CosineEvaluateOperator; t = t; return 0; }
/* end */

--------------------

have_enum_value: checking for MagickEvaluateOperator.SineEvaluateOperator... -------------------- no

"gcc -I. -I/System/Library/Frameworks/Ruby.framework/Versions/1.8/usr/lib/ruby/1.8/universal-darwin9.0 -I.  -I/usr/local/include  -I/usr/local/include    -c conftest.c"
conftest.c: In function ‘main’:
conftest.c:12: error: ‘SineEvaluateOperator’ undeclared (first use in this function)
conftest.c:12: error: (Each undeclared identifier is reported only once
conftest.c:12: error: for each function it appears in.)
checked program was:
/* begin */
 1: #include <assert.h>
 2: #include <ctype.h>
 3: #include <stdio.h>
 4: #include <stdlib.h>
 5: #include <math.h>
 6: #include <time.h>
 7: #include <stdint.h>
 8: #include <sys/types.h>
 9: #include <magick/MagickCore.h>
10: 
11: /*top*/
12: int main() { MagickEvaluateOperator t = SineEvaluateOperator; t = t; return 0; }
/* end */

--------------------

have_enum_value: checking for MagickEvaluateOperator.AddModulusEvaluateOperator... -------------------- no

"gcc -I. -I/System/Library/Frameworks/Ruby.framework/Versions/1.8/usr/lib/ruby/1.8/universal-darwin9.0 -I.  -I/usr/local/include  -I/usr/local/include    -c conftest.c"
conftest.c: In function ‘main’:
conftest.c:12: error: ‘AddModulusEvaluateOperator’ undeclared (first use in this function)
conftest.c:12: error: (Each undeclared identifier is reported only once
conftest.c:12: error: for each function it appears in.)
checked program was:
/* begin */
 1: #include <assert.h>
 2: #include <ctype.h>
 3: #include <stdio.h>
 4: #include <stdlib.h>
 5: #include <math.h>
 6: #include <time.h>
 7: #include <stdint.h>
 8: #include <sys/types.h>
 9: #include <magick/MagickCore.h>
10: 
11: /*top*/
12: int main() { MagickEvaluateOperator t = AddModulusEvaluateOperator; t = t; return 0; }
/* end */

--------------------

have_enum_value: checking for MagickLayerMethod.OptimizeTransLayer... -------------------- yes

"gcc -I. -I/System/Library/Frameworks/Ruby.framework/Versions/1.8/usr/lib/ruby/1.8/universal-darwin9.0 -I.  -I/usr/local/include  -I/usr/local/include    -c conftest.c"
checked program was:
/* begin */
 1: #include <assert.h>
 2: #include <ctype.h>
 3: #include <stdio.h>
 4: #include <stdlib.h>
 5: #include <math.h>
 6: #include <time.h>
 7: #include <stdint.h>
 8: #include <sys/types.h>
 9: #include <magick/MagickCore.h>
10: 
11: /*top*/
12: int main() { MagickLayerMethod t = OptimizeTransLayer; t = t; return 0; }
/* end */

--------------------

have_enum_value: checking for MagickLayerMethod.RemoveDupsLayer... -------------------- yes

"gcc -I. -I/System/Library/Frameworks/Ruby.framework/Versions/1.8/usr/lib/ruby/1.8/universal-darwin9.0 -I.  -I/usr/local/include  -I/usr/local/include    -c conftest.c"
checked program was:
/* begin */
 1: #include <assert.h>
 2: #include <ctype.h>
 3: #include <stdio.h>
 4: #include <stdlib.h>
 5: #include <math.h>
 6: #include <time.h>
 7: #include <stdint.h>
 8: #include <sys/types.h>
 9: #include <magick/MagickCore.h>
10: 
11: /*top*/
12: int main() { MagickLayerMethod t = RemoveDupsLayer; t = t; return 0; }
/* end */

--------------------

have_enum_value: checking for MagickLayerMethod.RemoveZeroLayer... -------------------- yes

"gcc -I. -I/System/Library/Frameworks/Ruby.framework/Versions/1.8/usr/lib/ruby/1.8/universal-darwin9.0 -I.  -I/usr/local/include  -I/usr/local/include    -c conftest.c"
checked program was:
/* begin */
 1: #include <assert.h>
 2: #include <ctype.h>
 3: #include <stdio.h>
 4: #include <stdlib.h>
 5: #include <math.h>
 6: #include <time.h>
 7: #include <stdint.h>
 8: #include <sys/types.h>
 9: #include <magick/MagickCore.h>
10: 
11: /*top*/
12: int main() { MagickLayerMethod t = RemoveZeroLayer; t = t; return 0; }
/* end */

--------------------

have_enum_value: checking for MagickLayerMethod.CompositeLayer... -------------------- yes

"gcc -I. -I/System/Library/Frameworks/Ruby.framework/Versions/1.8/usr/lib/ruby/1.8/universal-darwin9.0 -I.  -I/usr/local/include  -I/usr/local/include    -c conftest.c"
checked program was:
/* begin */
 1: #include <assert.h>
 2: #include <ctype.h>
 3: #include <stdio.h>
 4: #include <stdlib.h>
 5: #include <math.h>
 6: #include <time.h>
 7: #include <stdint.h>
 8: #include <sys/types.h>
 9: #include <magick/MagickCore.h>
10: 
11: /*top*/
12: int main() { MagickLayerMethod t = CompositeLayer; t = t; return 0; }
/* end */

--------------------

have_enum_value: checking for MagickLayerMethod.OptimizeImageLayer... -------------------- yes

"gcc -I. -I/System/Library/Frameworks/Ruby.framework/Versions/1.8/usr/lib/ruby/1.8/universal-darwin9.0 -I.  -I/usr/local/include  -I/usr/local/include    -c conftest.c"
checked program was:
/* begin */
 1: #include <assert.h>
 2: #include <ctype.h>
 3: #include <stdio.h>
 4: #include <stdlib.h>
 5: #include <math.h>
 6: #include <time.h>
 7: #include <stdint.h>
 8: #include <sys/types.h>
 9: #include <magick/MagickCore.h>
10: 
11: /*top*/
12: int main() { MagickLayerMethod t = OptimizeImageLayer; t = t; return 0; }
/* end */

--------------------

have_enum_value: checking for ImageLayerMethod.FlattenLayer... -------------------- yes

"gcc -I. -I/System/Library/Frameworks/Ruby.framework/Versions/1.8/usr/lib/ruby/1.8/universal-darwin9.0 -I.  -I/usr/local/include  -I/usr/local/include    -c conftest.c"
checked program was:
/* begin */
 1: #include <assert.h>
 2: #include <ctype.h>
 3: #include <stdio.h>
 4: #include <stdlib.h>
 5: #include <math.h>
 6: #include <time.h>
 7: #include <stdint.h>
 8: #include <sys/types.h>
 9: #include <magick/MagickCore.h>
10: 
11: /*top*/
12: int main() { ImageLayerMethod t = FlattenLayer; t = t; return 0; }
/* end */

--------------------

have_enum_value: checking for ImageLayerMethod.MergeLayer... -------------------- yes

"gcc -I. -I/System/Library/Frameworks/Ruby.framework/Versions/1.8/usr/lib/ruby/1.8/universal-darwin9.0 -I.  -I/usr/local/include  -I/usr/local/include    -c conftest.c"
checked program was:
/* begin */
 1: #include <assert.h>
 2: #include <ctype.h>
 3: #include <stdio.h>
 4: #include <stdlib.h>
 5: #include <math.h>
 6: #include <time.h>
 7: #include <stdint.h>
 8: #include <sys/types.h>
 9: #include <magick/MagickCore.h>
10: 
11: /*top*/
12: int main() { ImageLayerMethod t = MergeLayer; t = t; return 0; }
/* end */

--------------------

have_enum_value: checking for ImageLayerMethod.MosaicLayer... -------------------- yes

"gcc -I. -I/System/Library/Frameworks/Ruby.framework/Versions/1.8/usr/lib/ruby/1.8/universal-darwin9.0 -I.  -I/usr/local/include  -I/usr/local/include    -c conftest.c"
checked program was:
/* begin */
 1: #include <assert.h>
 2: #include <ctype.h>
 3: #include <stdio.h>
 4: #include <stdlib.h>
 5: #include <math.h>
 6: #include <time.h>
 7: #include <stdint.h>
 8: #include <sys/types.h>
 9: #include <magick/MagickCore.h>
10: 
11: /*top*/
12: int main() { ImageLayerMethod t = MosaicLayer; t = t; return 0; }
/* end */

--------------------

have_enum_value: checking for ImageLayerMethod.TrimBoundsLayer... -------------------- no

"gcc -I. -I/System/Library/Frameworks/Ruby.framework/Versions/1.8/usr/lib/ruby/1.8/universal-darwin9.0 -I.  -I/usr/local/include  -I/usr/local/include    -c conftest.c"
conftest.c: In function ‘main’:
conftest.c:12: error: ‘TrimBoundsLayer’ undeclared (first use in this function)
conftest.c:12: error: (Each undeclared identifier is reported only once
conftest.c:12: error: for each function it appears in.)
checked program was:
/* begin */
 1: #include <assert.h>
 2: #include <ctype.h>
 3: #include <stdio.h>
 4: #include <stdlib.h>
 5: #include <math.h>
 6: #include <time.h>
 7: #include <stdint.h>
 8: #include <sys/types.h>
 9: #include <magick/MagickCore.h>
10: 
11: /*top*/
12: int main() { ImageLayerMethod t = TrimBoundsLayer; t = t; return 0; }
/* end */

--------------------

have_enum_value: checking for MetricType.MeanErrorPerPixelMetric... -------------------- yes

"gcc -I. -I/System/Library/Frameworks/Ruby.framework/Versions/1.8/usr/lib/ruby/1.8/universal-darwin9.0 -I.  -I/usr/local/include  -I/usr/local/include    -c conftest.c"
checked program was:
/* begin */
 1: #include <assert.h>
 2: #include <ctype.h>
 3: #include <stdio.h>
 4: #include <stdlib.h>
 5: #include <math.h>
 6: #include <time.h>
 7: #include <stdint.h>
 8: #include <sys/types.h>
 9: #include <magick/MagickCore.h>
10: 
11: /*top*/
12: int main() { MetricType t = MeanErrorPerPixelMetric; t = t; return 0; }
/* end */

--------------------

have_enum_value: checking for NoiseType.RandomNoise... -------------------- yes

"gcc -I. -I/System/Library/Frameworks/Ruby.framework/Versions/1.8/usr/lib/ruby/1.8/universal-darwin9.0 -I.  -I/usr/local/include  -I/usr/local/include    -c conftest.c"
checked program was:
/* begin */
 1: #include <assert.h>
 2: #include <ctype.h>
 3: #include <stdio.h>
 4: #include <stdlib.h>
 5: #include <math.h>
 6: #include <time.h>
 7: #include <stdint.h>
 8: #include <sys/types.h>
 9: #include <magick/MagickCore.h>
10: 
11: /*top*/
12: int main() { NoiseType t = RandomNoise; t = t; return 0; }
/* end */

--------------------

have_enum_value: checking for SpreadMethod.ReflectSpread... -------------------- yes

"gcc -I. -I/System/Library/Frameworks/Ruby.framework/Versions/1.8/usr/lib/ruby/1.8/universal-darwin9.0 -I.  -I/usr/local/include  -I/usr/local/include    -c conftest.c"
checked program was:
/* begin */
 1: #include <assert.h>
 2: #include <ctype.h>
 3: #include <stdio.h>
 4: #include <stdlib.h>
 5: #include <math.h>
 6: #include <time.h>
 7: #include <stdint.h>
 8: #include <sys/types.h>
 9: #include <magick/MagickCore.h>
10: 
11: /*top*/
12: int main() { SpreadMethod t = ReflectSpread; t = t; return 0; }
/* end */

--------------------

have_enum_value: checking for VirtualPixelMethod.MaskVirtualPixelMethod... -------------------- yes

"gcc -I. -I/System/Library/Frameworks/Ruby.framework/Versions/1.8/usr/lib/ruby/1.8/universal-darwin9.0 -I.  -I/usr/local/include  -I/usr/local/include    -c conftest.c"
checked program was:
/* begin */
 1: #include <assert.h>
 2: #include <ctype.h>
 3: #include <stdio.h>
 4: #include <stdlib.h>
 5: #include <math.h>
 6: #include <time.h>
 7: #include <stdint.h>
 8: #include <sys/types.h>
 9: #include <magick/MagickCore.h>
10: 
11: /*top*/
12: int main() { VirtualPixelMethod t = MaskVirtualPixelMethod; t = t; return 0; }
/* end */

--------------------

have_enum_value: checking for VirtualPixelMethod.BlackVirtualPixelMethod... -------------------- yes

"gcc -I. -I/System/Library/Frameworks/Ruby.framework/Versions/1.8/usr/lib/ruby/1.8/universal-darwin9.0 -I.  -I/usr/local/include  -I/usr/local/include    -c conftest.c"
checked program was:
/* begin */
 1: #include <assert.h>
 2: #include <ctype.h>
 3: #include <stdio.h>
 4: #include <stdlib.h>
 5: #include <math.h>
 6: #include <time.h>
 7: #include <stdint.h>
 8: #include <sys/types.h>
 9: #include <magick/MagickCore.h>
10: 
11: /*top*/
12: int main() { VirtualPixelMethod t = BlackVirtualPixelMethod; t = t; return 0; }
/* end */

--------------------

have_enum_value: checking for VirtualPixelMethod.GrayVirtualPixelMethod... -------------------- yes

"gcc -I. -I/System/Library/Frameworks/Ruby.framework/Versions/1.8/usr/lib/ruby/1.8/universal-darwin9.0 -I.  -I/usr/local/include  -I/usr/local/include    -c conftest.c"
checked program was:
/* begin */
 1: #include <assert.h>
 2: #include <ctype.h>
 3: #include <stdio.h>
 4: #include <stdlib.h>
 5: #include <math.h>
 6: #include <time.h>
 7: #include <stdint.h>
 8: #include <sys/types.h>
 9: #include <magick/MagickCore.h>
10: 
11: /*top*/
12: int main() { VirtualPixelMethod t = GrayVirtualPixelMethod; t = t; return 0; }
/* end */

--------------------

have_enum_value: checking for VirtualPixelMethod.HorizontalTileVirtualPixelMethod... -------------------- no

"gcc -I. -I/System/Library/Frameworks/Ruby.framework/Versions/1.8/usr/lib/ruby/1.8/universal-darwin9.0 -I.  -I/usr/local/include  -I/usr/local/include    -c conftest.c"
conftest.c: In function ‘main’:
conftest.c:12: error: ‘HorizontalTileVirtualPixelMethod’ undeclared (first use in this function)
conftest.c:12: error: (Each undeclared identifier is reported only once
conftest.c:12: error: for each function it appears in.)
checked program was:
/* begin */
 1: #include <assert.h>
 2: #include <ctype.h>
 3: #include <stdio.h>
 4: #include <stdlib.h>
 5: #include <math.h>
 6: #include <time.h>
 7: #include <stdint.h>
 8: #include <sys/types.h>
 9: #include <magick/MagickCore.h>
10: 
11: /*top*/
12: int main() { VirtualPixelMethod t = HorizontalTileVirtualPixelMethod; t = t; return 0; }
/* end */

--------------------

have_enum_value: checking for VirtualPixelMethod.VerticalTileVirtualPixelMethod... -------------------- no

"gcc -I. -I/System/Library/Frameworks/Ruby.framework/Versions/1.8/usr/lib/ruby/1.8/universal-darwin9.0 -I.  -I/usr/local/include  -I/usr/local/include    -c conftest.c"
conftest.c: In function ‘main’:
conftest.c:12: error: ‘VerticalTileVirtualPixelMethod’ undeclared (first use in this function)
conftest.c:12: error: (Each undeclared identifier is reported only once
conftest.c:12: error: for each function it appears in.)
checked program was:
/* begin */
 1: #include <assert.h>
 2: #include <ctype.h>
 3: #include <stdio.h>
 4: #include <stdlib.h>
 5: #include <math.h>
 6: #include <time.h>
 7: #include <stdint.h>
 8: #include <sys/types.h>
 9: #include <magick/MagickCore.h>
10: 
11: /*top*/
12: int main() { VirtualPixelMethod t = VerticalTileVirtualPixelMethod; t = t; return 0; }
/* end */

--------------------

have_enum_value: checking for VirtualPixelMethod.WhiteVirtualPixelMethod... -------------------- yes

"gcc -I. -I/System/Library/Frameworks/Ruby.framework/Versions/1.8/usr/lib/ruby/1.8/universal-darwin9.0 -I.  -I/usr/local/include  -I/usr/local/include    -c conftest.c"
checked program was:
/* begin */
 1: #include <assert.h>
 2: #include <ctype.h>
 3: #include <stdio.h>
 4: #include <stdlib.h>
 5: #include <math.h>
 6: #include <time.h>
 7: #include <stdint.h>
 8: #include <sys/types.h>
 9: #include <magick/MagickCore.h>
10: 
11: /*top*/
12: int main() { VirtualPixelMethod t = WhiteVirtualPixelMethod; t = t; return 0; }
/* end */

--------------------

have_header: checking for ruby/io.h... -------------------- no

"gcc -E -I. -I/System/Library/Frameworks/Ruby.framework/Versions/1.8/usr/lib/ruby/1.8/universal-darwin9.0 -I.  -I/usr/local/include  -I/usr/local/include   conftest.c -o conftest.i"
conftest.c:1:21: error: ruby/io.h: No such file or directory
checked program was:
/* begin */
1: #include <ruby/io.h>
/* end */

--------------------

have_func: checking for rb_frame_this_func() in ruby.h,rubyio.h... -------------------- no

"gcc -o conftest -I. -I/System/Library/Frameworks/Ruby.framework/Versions/1.8/usr/lib/ruby/1.8/universal-darwin9.0 -I.  -I/usr/local/include  -I/usr/local/include  conftest.c  -L"." -L"/System/Library/Frameworks/Ruby.framework/Versions/1.8/usr/lib"  -L/usr/local/lib -L/usr/local/lib -L/usr/X11/lib -R/usr/X11/lib -L/usr/local/lib -lfreetype -lz    -L/usr/local/lib -lWand -lMagick -lMagick  -lruby -lMagick  -lpthread -ldl -lm  "
conftest.c: In function ‘t’:
conftest.c:6: error: ‘rb_frame_this_func’ undeclared (first use in this function)
conftest.c:6: error: (Each undeclared identifier is reported only once
conftest.c:6: error: for each function it appears in.)
checked program was:
/* begin */
1: #include <ruby.h>
2: #include <rubyio.h>
3: 
4: /*top*/
5: int main() { return 0; }
6: int t() { void ((*volatile p)()); p = (void ((*)()))rb_frame_this_func; return 0; }
/* end */

"gcc -o conftest -I. -I/System/Library/Frameworks/Ruby.framework/Versions/1.8/usr/lib/ruby/1.8/universal-darwin9.0 -I.  -I/usr/local/include  -I/usr/local/include  conftest.c  -L"." -L"/System/Library/Frameworks/Ruby.framework/Versions/1.8/usr/lib"  -L/usr/local/lib -L/usr/local/lib -L/usr/X11/lib -R/usr/X11/lib -L/usr/local/lib -lfreetype -lz    -L/usr/local/lib -lWand -lMagick -lMagick  -lruby -lMagick  -lpthread -ldl -lm  "
Undefined symbols:
  "_rb_frame_this_func", referenced from:
      _t in ccJWoejV.o
ld: symbol(s) not found
collect2: ld returned 1 exit status
checked program was:
/* begin */
1: #include <ruby.h>
2: #include <rubyio.h>
3: 
4: /*top*/
5: int main() { return 0; }
6: int t() { rb_frame_this_func(); return 0; }
/* end */

--------------------



======================================================================
Sun 08Feb09 16:58:40
This installation of RMagick 2.9.1 is configured for
Ruby 1.8.6 (universal-darwin9.0) and ImageMagick 6.3.8 Q8 
======================================================================


